ARM GAS  /tmp/cclkat12.s 			page 1


   1              		.cpu cortex-m4
   2              		.eabi_attribute 27, 1
   3              		.eabi_attribute 28, 1
   4              		.eabi_attribute 20, 1
   5              		.eabi_attribute 21, 1
   6              		.eabi_attribute 23, 3
   7              		.eabi_attribute 24, 1
   8              		.eabi_attribute 25, 1
   9              		.eabi_attribute 26, 1
  10              		.eabi_attribute 30, 1
  11              		.eabi_attribute 34, 1
  12              		.eabi_attribute 18, 4
  13              		.file	"main.c"
  14              		.text
  15              	.Ltext0:
  16              		.cfi_sections	.debug_frame
  17              		.section	.text.MX_GPIO_Init,"ax",%progbits
  18              		.align	1
  19              		.arch armv7e-m
  20              		.syntax unified
  21              		.thumb
  22              		.thumb_func
  23              		.fpu fpv4-sp-d16
  25              	MX_GPIO_Init:
  26              	.LFB301:
  27              		.file 1 "Core/Src/main.c"
   1:Core/Src/main.c **** /* USER CODE BEGIN Header */
   2:Core/Src/main.c **** /**
   3:Core/Src/main.c ****   ******************************************************************************
   4:Core/Src/main.c ****   * @file           : main.c
   5:Core/Src/main.c ****   * @brief          : Main program body
   6:Core/Src/main.c ****   ******************************************************************************
   7:Core/Src/main.c ****   * @attention
   8:Core/Src/main.c ****   *
   9:Core/Src/main.c ****   * <h2><center>&copy; Copyright (c) 2022 STMicroelectronics.
  10:Core/Src/main.c ****   * All rights reserved.</center></h2>
  11:Core/Src/main.c ****   *
  12:Core/Src/main.c ****   * This software component is licensed by ST under BSD 3-Clause license,
  13:Core/Src/main.c ****   * the "License"; You may not use this file except in compliance with the
  14:Core/Src/main.c ****   * License. You may obtain a copy of the License at:
  15:Core/Src/main.c ****   *                        opensource.org/licenses/BSD-3-Clause
  16:Core/Src/main.c ****   *
  17:Core/Src/main.c ****   ******************************************************************************
  18:Core/Src/main.c ****   */
  19:Core/Src/main.c **** /* USER CODE END Header */
  20:Core/Src/main.c **** /* Includes ------------------------------------------------------------------*/
  21:Core/Src/main.c **** #include "main.h"
  22:Core/Src/main.c **** #include <stdio.h>
  23:Core/Src/main.c **** #include <stdlib.h>
  24:Core/Src/main.c **** #include <string.h>
  25:Core/Src/main.c **** 
  26:Core/Src/main.c **** 
  27:Core/Src/main.c **** /* Private includes ----------------------------------------------------------*/
  28:Core/Src/main.c **** /* USER CODE BEGIN Includes */
  29:Core/Src/main.c **** 
  30:Core/Src/main.c **** /* USER CODE END Includes */
  31:Core/Src/main.c **** 
ARM GAS  /tmp/cclkat12.s 			page 2


  32:Core/Src/main.c **** /* Private typedef -----------------------------------------------------------*/
  33:Core/Src/main.c **** /* USER CODE BEGIN PTD */
  34:Core/Src/main.c **** 
  35:Core/Src/main.c **** /* USER CODE END PTD */
  36:Core/Src/main.c **** 
  37:Core/Src/main.c **** /* Private define ------------------------------------------------------------*/
  38:Core/Src/main.c **** /* USER CODE BEGIN PD */
  39:Core/Src/main.c **** /* USER CODE END PD */
  40:Core/Src/main.c **** 
  41:Core/Src/main.c **** /* Private macro -------------------------------------------------------------*/
  42:Core/Src/main.c **** /* USER CODE BEGIN PM */
  43:Core/Src/main.c **** 
  44:Core/Src/main.c **** /* USER CODE END PM */
  45:Core/Src/main.c **** 
  46:Core/Src/main.c **** /* Private variables ---------------------------------------------------------*/
  47:Core/Src/main.c **** ADC_HandleTypeDef hadc1;
  48:Core/Src/main.c **** 
  49:Core/Src/main.c **** UART_HandleTypeDef huart2;
  50:Core/Src/main.c **** 
  51:Core/Src/main.c **** /* USER CODE BEGIN PV */
  52:Core/Src/main.c **** 
  53:Core/Src/main.c **** /* USER CODE END PV */
  54:Core/Src/main.c **** 
  55:Core/Src/main.c **** /* Private function prototypes -----------------------------------------------*/
  56:Core/Src/main.c **** void SystemClock_Config(void);
  57:Core/Src/main.c **** static void MX_GPIO_Init(void);
  58:Core/Src/main.c **** static void MX_ADC1_Init(void);
  59:Core/Src/main.c **** static void MX_USART2_UART_Init(void);
  60:Core/Src/main.c **** /* USER CODE BEGIN PFP */
  61:Core/Src/main.c **** 
  62:Core/Src/main.c **** /* USER CODE END PFP */
  63:Core/Src/main.c **** 
  64:Core/Src/main.c **** /* Private user code ---------------------------------------------------------*/
  65:Core/Src/main.c **** /* USER CODE BEGIN 0 */
  66:Core/Src/main.c **** int trocken=410;
  67:Core/Src/main.c **** volatile int humidity;
  68:Core/Src/main.c **** char buffer[50];
  69:Core/Src/main.c **** 
  70:Core/Src/main.c **** void print_value(int to_print){
  71:Core/Src/main.c ****     snprintf(buffer,sizeof(buffer),"%d\r\n",to_print);
  72:Core/Src/main.c ****     HAL_UART_Transmit(&huart2,(uint8_t *) buffer ,strlen(buffer),100);
  73:Core/Src/main.c **** }
  74:Core/Src/main.c **** 
  75:Core/Src/main.c **** int average_humidity(void){
  76:Core/Src/main.c ****     int average=0;
  77:Core/Src/main.c ****     for(int i=0;i<8;i++){
  78:Core/Src/main.c ****     HAL_ADC_Start(&hadc1);
  79:Core/Src/main.c ****     HAL_ADC_PollForConversion(&hadc1,200);
  80:Core/Src/main.c ****     humidity= HAL_ADC_GetValue(&hadc1);
  81:Core/Src/main.c ****     average+=humidity;
  82:Core/Src/main.c ****     HAL_Delay(10);
  83:Core/Src/main.c ****     }
  84:Core/Src/main.c ****     print_value(average/8);
  85:Core/Src/main.c ****     return (average/8);
  86:Core/Src/main.c **** }
  87:Core/Src/main.c **** 
  88:Core/Src/main.c **** int too_dry_average(void){
ARM GAS  /tmp/cclkat12.s 			page 3


  89:Core/Src/main.c ****     if(average_humidity()>trocken){
  90:Core/Src/main.c ****         return 1;
  91:Core/Src/main.c ****     }else{
  92:Core/Src/main.c ****         return 0;
  93:Core/Src/main.c ****     }
  94:Core/Src/main.c **** }
  95:Core/Src/main.c **** 
  96:Core/Src/main.c **** int too_dry_once(void){
  97:Core/Src/main.c ****     HAL_ADC_Start(&hadc1);
  98:Core/Src/main.c ****     HAL_ADC_PollForConversion(&hadc1,200);
  99:Core/Src/main.c ****     humidity= HAL_ADC_GetValue(&hadc1);
 100:Core/Src/main.c ****     print_value(humidity);
 101:Core/Src/main.c ****     if(humidity>trocken){
 102:Core/Src/main.c ****         return 1;
 103:Core/Src/main.c ****     }else{
 104:Core/Src/main.c ****         return 0;
 105:Core/Src/main.c ****     }
 106:Core/Src/main.c **** }
 107:Core/Src/main.c **** 
 108:Core/Src/main.c **** void water_plant(void){
 109:Core/Src/main.c ****     HAL_GPIO_WritePin(Motor_GPIO_Port, Motor_Pin,GPIO_PIN_SET);
 110:Core/Src/main.c ****     HAL_Delay(1000);
 111:Core/Src/main.c ****     HAL_GPIO_WritePin(Motor_GPIO_Port, Motor_Pin,GPIO_PIN_RESET);
 112:Core/Src/main.c ****     HAL_Delay(5000);
 113:Core/Src/main.c **** }
 114:Core/Src/main.c **** 
 115:Core/Src/main.c **** void watering_system (void){
 116:Core/Src/main.c ****     if(too_dry_average()){
 117:Core/Src/main.c ****         while(too_dry_once()){
 118:Core/Src/main.c ****         water_plant();
 119:Core/Src/main.c ****         }
 120:Core/Src/main.c ****     }
 121:Core/Src/main.c **** }
 122:Core/Src/main.c **** 
 123:Core/Src/main.c **** 
 124:Core/Src/main.c **** /* USER CODE END 0 */
 125:Core/Src/main.c **** 
 126:Core/Src/main.c **** /**
 127:Core/Src/main.c ****   * @brief  The application entry point.
 128:Core/Src/main.c ****   * @retval int
 129:Core/Src/main.c ****   */
 130:Core/Src/main.c **** int main(void)
 131:Core/Src/main.c **** {
 132:Core/Src/main.c ****   /* USER CODE BEGIN 1 */
 133:Core/Src/main.c **** 
 134:Core/Src/main.c ****   /* USER CODE END 1 */
 135:Core/Src/main.c **** 
 136:Core/Src/main.c ****   /* MCU Configuration--------------------------------------------------------*/
 137:Core/Src/main.c **** 
 138:Core/Src/main.c ****   /* Reset of all peripherals, Initializes the Flash interface and the Systick. */
 139:Core/Src/main.c ****   HAL_Init();
 140:Core/Src/main.c **** 
 141:Core/Src/main.c ****   /* USER CODE BEGIN Init */
 142:Core/Src/main.c **** 
 143:Core/Src/main.c ****   /* USER CODE END Init */
 144:Core/Src/main.c **** 
 145:Core/Src/main.c ****   /* Configure the system clock */
ARM GAS  /tmp/cclkat12.s 			page 4


 146:Core/Src/main.c ****   SystemClock_Config();
 147:Core/Src/main.c **** 
 148:Core/Src/main.c ****   /* USER CODE BEGIN SysInit */
 149:Core/Src/main.c **** 
 150:Core/Src/main.c ****   /* USER CODE END SysInit */
 151:Core/Src/main.c **** 
 152:Core/Src/main.c ****   /* Initialize all configured peripherals */
 153:Core/Src/main.c ****   MX_GPIO_Init();
 154:Core/Src/main.c ****   MX_ADC1_Init();
 155:Core/Src/main.c ****   MX_USART2_UART_Init();
 156:Core/Src/main.c ****   /* USER CODE BEGIN 2 */
 157:Core/Src/main.c **** 
 158:Core/Src/main.c ****   /* USER CODE END 2 */
 159:Core/Src/main.c **** 
 160:Core/Src/main.c ****   /* Infinite loop */
 161:Core/Src/main.c ****   /* USER CODE BEGIN WHILE */
 162:Core/Src/main.c ****     char buffer[100];
 163:Core/Src/main.c **** 
 164:Core/Src/main.c ****   while (1)
 165:Core/Src/main.c ****   {
 166:Core/Src/main.c ****     /* USER CODE END WHILE */
 167:Core/Src/main.c ****       watering_system();
 168:Core/Src/main.c ****       //print_value(average_humidity());
 169:Core/Src/main.c ****     /* USER CODE BEGIN 3 */
 170:Core/Src/main.c ****   }
 171:Core/Src/main.c ****   /* USER CODE END 3 */
 172:Core/Src/main.c **** }
 173:Core/Src/main.c **** 
 174:Core/Src/main.c **** /**
 175:Core/Src/main.c ****   * @brief System Clock Configuration
 176:Core/Src/main.c ****   * @retval None
 177:Core/Src/main.c ****   */
 178:Core/Src/main.c **** void SystemClock_Config(void)
 179:Core/Src/main.c **** {
 180:Core/Src/main.c ****   RCC_OscInitTypeDef RCC_OscInitStruct = {0};
 181:Core/Src/main.c ****   RCC_ClkInitTypeDef RCC_ClkInitStruct = {0};
 182:Core/Src/main.c **** 
 183:Core/Src/main.c ****   /** Configure the main internal regulator output voltage
 184:Core/Src/main.c ****   */
 185:Core/Src/main.c ****   if (HAL_PWREx_ControlVoltageScaling(PWR_REGULATOR_VOLTAGE_SCALE1) != HAL_OK)
 186:Core/Src/main.c ****   {
 187:Core/Src/main.c ****     Error_Handler();
 188:Core/Src/main.c ****   }
 189:Core/Src/main.c ****   /** Configure LSE Drive Capability
 190:Core/Src/main.c ****   */
 191:Core/Src/main.c ****   HAL_PWR_EnableBkUpAccess();
 192:Core/Src/main.c ****   __HAL_RCC_LSEDRIVE_CONFIG(RCC_LSEDRIVE_LOW);
 193:Core/Src/main.c ****   /** Initializes the RCC Oscillators according to the specified parameters
 194:Core/Src/main.c ****   * in the RCC_OscInitTypeDef structure.
 195:Core/Src/main.c ****   */
 196:Core/Src/main.c ****   RCC_OscInitStruct.OscillatorType = RCC_OSCILLATORTYPE_LSE|RCC_OSCILLATORTYPE_MSI;
 197:Core/Src/main.c ****   RCC_OscInitStruct.LSEState = RCC_LSE_ON;
 198:Core/Src/main.c ****   RCC_OscInitStruct.MSIState = RCC_MSI_ON;
 199:Core/Src/main.c ****   RCC_OscInitStruct.MSICalibrationValue = 0;
 200:Core/Src/main.c ****   RCC_OscInitStruct.MSIClockRange = RCC_MSIRANGE_6;
 201:Core/Src/main.c ****   RCC_OscInitStruct.PLL.PLLState = RCC_PLL_ON;
 202:Core/Src/main.c ****   RCC_OscInitStruct.PLL.PLLSource = RCC_PLLSOURCE_MSI;
ARM GAS  /tmp/cclkat12.s 			page 5


 203:Core/Src/main.c ****   RCC_OscInitStruct.PLL.PLLM = 1;
 204:Core/Src/main.c ****   RCC_OscInitStruct.PLL.PLLN = 16;
 205:Core/Src/main.c ****   RCC_OscInitStruct.PLL.PLLP = RCC_PLLP_DIV7;
 206:Core/Src/main.c ****   RCC_OscInitStruct.PLL.PLLQ = RCC_PLLQ_DIV2;
 207:Core/Src/main.c ****   RCC_OscInitStruct.PLL.PLLR = RCC_PLLR_DIV2;
 208:Core/Src/main.c ****   if (HAL_RCC_OscConfig(&RCC_OscInitStruct) != HAL_OK)
 209:Core/Src/main.c ****   {
 210:Core/Src/main.c ****     Error_Handler();
 211:Core/Src/main.c ****   }
 212:Core/Src/main.c ****   /** Initializes the CPU, AHB and APB buses clocks
 213:Core/Src/main.c ****   */
 214:Core/Src/main.c ****   RCC_ClkInitStruct.ClockType = RCC_CLOCKTYPE_HCLK|RCC_CLOCKTYPE_SYSCLK
 215:Core/Src/main.c ****                               |RCC_CLOCKTYPE_PCLK1|RCC_CLOCKTYPE_PCLK2;
 216:Core/Src/main.c ****   RCC_ClkInitStruct.SYSCLKSource = RCC_SYSCLKSOURCE_PLLCLK;
 217:Core/Src/main.c ****   RCC_ClkInitStruct.AHBCLKDivider = RCC_SYSCLK_DIV1;
 218:Core/Src/main.c ****   RCC_ClkInitStruct.APB1CLKDivider = RCC_HCLK_DIV1;
 219:Core/Src/main.c ****   RCC_ClkInitStruct.APB2CLKDivider = RCC_HCLK_DIV1;
 220:Core/Src/main.c **** 
 221:Core/Src/main.c ****   if (HAL_RCC_ClockConfig(&RCC_ClkInitStruct, FLASH_LATENCY_1) != HAL_OK)
 222:Core/Src/main.c ****   {
 223:Core/Src/main.c ****     Error_Handler();
 224:Core/Src/main.c ****   }
 225:Core/Src/main.c ****   /** Enable MSI Auto calibration
 226:Core/Src/main.c ****   */
 227:Core/Src/main.c ****   HAL_RCCEx_EnableMSIPLLMode();
 228:Core/Src/main.c **** }
 229:Core/Src/main.c **** 
 230:Core/Src/main.c **** /**
 231:Core/Src/main.c ****   * @brief ADC1 Initialization Function
 232:Core/Src/main.c ****   * @param None
 233:Core/Src/main.c ****   * @retval None
 234:Core/Src/main.c ****   */
 235:Core/Src/main.c **** static void MX_ADC1_Init(void)
 236:Core/Src/main.c **** {
 237:Core/Src/main.c **** 
 238:Core/Src/main.c ****   /* USER CODE BEGIN ADC1_Init 0 */
 239:Core/Src/main.c **** 
 240:Core/Src/main.c ****   /* USER CODE END ADC1_Init 0 */
 241:Core/Src/main.c **** 
 242:Core/Src/main.c ****   ADC_ChannelConfTypeDef sConfig = {0};
 243:Core/Src/main.c **** 
 244:Core/Src/main.c ****   /* USER CODE BEGIN ADC1_Init 1 */
 245:Core/Src/main.c **** 
 246:Core/Src/main.c ****   /* USER CODE END ADC1_Init 1 */
 247:Core/Src/main.c ****   /** Common config
 248:Core/Src/main.c ****   */
 249:Core/Src/main.c ****   hadc1.Instance = ADC1;
 250:Core/Src/main.c ****   hadc1.Init.ClockPrescaler = ADC_CLOCK_ASYNC_DIV1;
 251:Core/Src/main.c ****   hadc1.Init.Resolution = ADC_RESOLUTION_12B;
 252:Core/Src/main.c ****   hadc1.Init.DataAlign = ADC_DATAALIGN_RIGHT;
 253:Core/Src/main.c ****   hadc1.Init.ScanConvMode = ADC_SCAN_DISABLE;
 254:Core/Src/main.c ****   hadc1.Init.EOCSelection = ADC_EOC_SINGLE_CONV;
 255:Core/Src/main.c ****   hadc1.Init.LowPowerAutoWait = DISABLE;
 256:Core/Src/main.c ****   hadc1.Init.ContinuousConvMode = DISABLE;
 257:Core/Src/main.c ****   hadc1.Init.NbrOfConversion = 1;
 258:Core/Src/main.c ****   hadc1.Init.DiscontinuousConvMode = DISABLE;
 259:Core/Src/main.c ****   hadc1.Init.ExternalTrigConv = ADC_SOFTWARE_START;
ARM GAS  /tmp/cclkat12.s 			page 6


 260:Core/Src/main.c ****   hadc1.Init.ExternalTrigConvEdge = ADC_EXTERNALTRIGCONVEDGE_NONE;
 261:Core/Src/main.c ****   hadc1.Init.DMAContinuousRequests = DISABLE;
 262:Core/Src/main.c ****   hadc1.Init.Overrun = ADC_OVR_DATA_PRESERVED;
 263:Core/Src/main.c ****   hadc1.Init.OversamplingMode = DISABLE;
 264:Core/Src/main.c ****   if (HAL_ADC_Init(&hadc1) != HAL_OK)
 265:Core/Src/main.c ****   {
 266:Core/Src/main.c ****     Error_Handler();
 267:Core/Src/main.c ****   }
 268:Core/Src/main.c ****   /** Configure Regular Channel
 269:Core/Src/main.c ****   */
 270:Core/Src/main.c ****   sConfig.Channel = ADC_CHANNEL_8;
 271:Core/Src/main.c ****   sConfig.Rank = ADC_REGULAR_RANK_1;
 272:Core/Src/main.c ****   sConfig.SamplingTime = ADC_SAMPLETIME_2CYCLES_5;
 273:Core/Src/main.c ****   sConfig.SingleDiff = ADC_SINGLE_ENDED;
 274:Core/Src/main.c ****   sConfig.OffsetNumber = ADC_OFFSET_NONE;
 275:Core/Src/main.c ****   sConfig.Offset = 0;
 276:Core/Src/main.c ****   if (HAL_ADC_ConfigChannel(&hadc1, &sConfig) != HAL_OK)
 277:Core/Src/main.c ****   {
 278:Core/Src/main.c ****     Error_Handler();
 279:Core/Src/main.c ****   }
 280:Core/Src/main.c ****   /* USER CODE BEGIN ADC1_Init 2 */
 281:Core/Src/main.c **** 
 282:Core/Src/main.c ****   /* USER CODE END ADC1_Init 2 */
 283:Core/Src/main.c **** 
 284:Core/Src/main.c **** }
 285:Core/Src/main.c **** 
 286:Core/Src/main.c **** /**
 287:Core/Src/main.c ****   * @brief USART2 Initialization Function
 288:Core/Src/main.c ****   * @param None
 289:Core/Src/main.c ****   * @retval None
 290:Core/Src/main.c ****   */
 291:Core/Src/main.c **** static void MX_USART2_UART_Init(void)
 292:Core/Src/main.c **** {
 293:Core/Src/main.c **** 
 294:Core/Src/main.c ****   /* USER CODE BEGIN USART2_Init 0 */
 295:Core/Src/main.c **** 
 296:Core/Src/main.c ****   /* USER CODE END USART2_Init 0 */
 297:Core/Src/main.c **** 
 298:Core/Src/main.c ****   /* USER CODE BEGIN USART2_Init 1 */
 299:Core/Src/main.c **** 
 300:Core/Src/main.c ****   /* USER CODE END USART2_Init 1 */
 301:Core/Src/main.c ****   huart2.Instance = USART2;
 302:Core/Src/main.c ****   huart2.Init.BaudRate = 115200;
 303:Core/Src/main.c ****   huart2.Init.WordLength = UART_WORDLENGTH_8B;
 304:Core/Src/main.c ****   huart2.Init.StopBits = UART_STOPBITS_1;
 305:Core/Src/main.c ****   huart2.Init.Parity = UART_PARITY_NONE;
 306:Core/Src/main.c ****   huart2.Init.Mode = UART_MODE_TX_RX;
 307:Core/Src/main.c ****   huart2.Init.HwFlowCtl = UART_HWCONTROL_NONE;
 308:Core/Src/main.c ****   huart2.Init.OverSampling = UART_OVERSAMPLING_16;
 309:Core/Src/main.c ****   huart2.Init.OneBitSampling = UART_ONE_BIT_SAMPLE_DISABLE;
 310:Core/Src/main.c ****   huart2.AdvancedInit.AdvFeatureInit = UART_ADVFEATURE_NO_INIT;
 311:Core/Src/main.c ****   if (HAL_UART_Init(&huart2) != HAL_OK)
 312:Core/Src/main.c ****   {
 313:Core/Src/main.c ****     Error_Handler();
 314:Core/Src/main.c ****   }
 315:Core/Src/main.c ****   /* USER CODE BEGIN USART2_Init 2 */
 316:Core/Src/main.c **** 
ARM GAS  /tmp/cclkat12.s 			page 7


 317:Core/Src/main.c ****   /* USER CODE END USART2_Init 2 */
 318:Core/Src/main.c **** 
 319:Core/Src/main.c **** }
 320:Core/Src/main.c **** 
 321:Core/Src/main.c **** /**
 322:Core/Src/main.c ****   * @brief GPIO Initialization Function
 323:Core/Src/main.c ****   * @param None
 324:Core/Src/main.c ****   * @retval None
 325:Core/Src/main.c ****   */
 326:Core/Src/main.c **** static void MX_GPIO_Init(void)
 327:Core/Src/main.c **** {
  28              		.loc 1 327 1 view -0
  29              		.cfi_startproc
  30              		@ args = 0, pretend = 0, frame = 32
  31              		@ frame_needed = 0, uses_anonymous_args = 0
  32 0000 70B5     		push	{r4, r5, r6, lr}
  33              	.LCFI0:
  34              		.cfi_def_cfa_offset 16
  35              		.cfi_offset 4, -16
  36              		.cfi_offset 5, -12
  37              		.cfi_offset 6, -8
  38              		.cfi_offset 14, -4
  39 0002 88B0     		sub	sp, sp, #32
  40              	.LCFI1:
  41              		.cfi_def_cfa_offset 48
 328:Core/Src/main.c ****   GPIO_InitTypeDef GPIO_InitStruct = {0};
  42              		.loc 1 328 3 view .LVU1
  43              		.loc 1 328 20 is_stmt 0 view .LVU2
  44 0004 0024     		movs	r4, #0
  45 0006 0394     		str	r4, [sp, #12]
  46 0008 0494     		str	r4, [sp, #16]
  47 000a 0594     		str	r4, [sp, #20]
  48 000c 0694     		str	r4, [sp, #24]
  49 000e 0794     		str	r4, [sp, #28]
 329:Core/Src/main.c **** 
 330:Core/Src/main.c ****   /* GPIO Ports Clock Enable */
 331:Core/Src/main.c ****   __HAL_RCC_GPIOC_CLK_ENABLE();
  50              		.loc 1 331 3 is_stmt 1 view .LVU3
  51              	.LBB4:
  52              		.loc 1 331 3 view .LVU4
  53              		.loc 1 331 3 view .LVU5
  54 0010 1E4B     		ldr	r3, .L3
  55 0012 DA6C     		ldr	r2, [r3, #76]
  56 0014 42F00402 		orr	r2, r2, #4
  57 0018 DA64     		str	r2, [r3, #76]
  58              		.loc 1 331 3 view .LVU6
  59 001a DA6C     		ldr	r2, [r3, #76]
  60 001c 02F00402 		and	r2, r2, #4
  61 0020 0092     		str	r2, [sp]
  62              		.loc 1 331 3 view .LVU7
  63 0022 009A     		ldr	r2, [sp]
  64              	.LBE4:
  65              		.loc 1 331 3 view .LVU8
 332:Core/Src/main.c ****   __HAL_RCC_GPIOA_CLK_ENABLE();
  66              		.loc 1 332 3 view .LVU9
  67              	.LBB5:
  68              		.loc 1 332 3 view .LVU10
ARM GAS  /tmp/cclkat12.s 			page 8


  69              		.loc 1 332 3 view .LVU11
  70 0024 DA6C     		ldr	r2, [r3, #76]
  71 0026 42F00102 		orr	r2, r2, #1
  72 002a DA64     		str	r2, [r3, #76]
  73              		.loc 1 332 3 view .LVU12
  74 002c DA6C     		ldr	r2, [r3, #76]
  75 002e 02F00102 		and	r2, r2, #1
  76 0032 0192     		str	r2, [sp, #4]
  77              		.loc 1 332 3 view .LVU13
  78 0034 019A     		ldr	r2, [sp, #4]
  79              	.LBE5:
  80              		.loc 1 332 3 view .LVU14
 333:Core/Src/main.c ****   __HAL_RCC_GPIOB_CLK_ENABLE();
  81              		.loc 1 333 3 view .LVU15
  82              	.LBB6:
  83              		.loc 1 333 3 view .LVU16
  84              		.loc 1 333 3 view .LVU17
  85 0036 DA6C     		ldr	r2, [r3, #76]
  86 0038 42F00202 		orr	r2, r2, #2
  87 003c DA64     		str	r2, [r3, #76]
  88              		.loc 1 333 3 view .LVU18
  89 003e DB6C     		ldr	r3, [r3, #76]
  90 0040 03F00203 		and	r3, r3, #2
  91 0044 0293     		str	r3, [sp, #8]
  92              		.loc 1 333 3 view .LVU19
  93 0046 029B     		ldr	r3, [sp, #8]
  94              	.LBE6:
  95              		.loc 1 333 3 view .LVU20
 334:Core/Src/main.c **** 
 335:Core/Src/main.c ****   /*Configure GPIO pin Output Level */
 336:Core/Src/main.c ****   HAL_GPIO_WritePin(Motor_GPIO_Port, Motor_Pin, GPIO_PIN_RESET);
  96              		.loc 1 336 3 view .LVU21
  97 0048 2246     		mov	r2, r4
  98 004a 8021     		movs	r1, #128
  99 004c 4FF09040 		mov	r0, #1207959552
 100 0050 FFF7FEFF 		bl	HAL_GPIO_WritePin
 101              	.LVL0:
 337:Core/Src/main.c **** 
 338:Core/Src/main.c ****   /*Configure GPIO pin Output Level */
 339:Core/Src/main.c ****   HAL_GPIO_WritePin(LD3_GPIO_Port, LD3_Pin, GPIO_PIN_RESET);
 102              		.loc 1 339 3 view .LVU22
 103 0054 0E4D     		ldr	r5, .L3+4
 104 0056 2246     		mov	r2, r4
 105 0058 0821     		movs	r1, #8
 106 005a 2846     		mov	r0, r5
 107 005c FFF7FEFF 		bl	HAL_GPIO_WritePin
 108              	.LVL1:
 340:Core/Src/main.c **** 
 341:Core/Src/main.c ****   /*Configure GPIO pin : Motor_Pin */
 342:Core/Src/main.c ****   GPIO_InitStruct.Pin = Motor_Pin;
 109              		.loc 1 342 3 view .LVU23
 110              		.loc 1 342 23 is_stmt 0 view .LVU24
 111 0060 8023     		movs	r3, #128
 112 0062 0393     		str	r3, [sp, #12]
 343:Core/Src/main.c ****   GPIO_InitStruct.Mode = GPIO_MODE_OUTPUT_PP;
 113              		.loc 1 343 3 is_stmt 1 view .LVU25
 114              		.loc 1 343 24 is_stmt 0 view .LVU26
ARM GAS  /tmp/cclkat12.s 			page 9


 115 0064 0126     		movs	r6, #1
 116 0066 0496     		str	r6, [sp, #16]
 344:Core/Src/main.c ****   GPIO_InitStruct.Pull = GPIO_NOPULL;
 117              		.loc 1 344 3 is_stmt 1 view .LVU27
 118              		.loc 1 344 24 is_stmt 0 view .LVU28
 119 0068 0594     		str	r4, [sp, #20]
 345:Core/Src/main.c ****   GPIO_InitStruct.Speed = GPIO_SPEED_FREQ_LOW;
 120              		.loc 1 345 3 is_stmt 1 view .LVU29
 121              		.loc 1 345 25 is_stmt 0 view .LVU30
 122 006a 0694     		str	r4, [sp, #24]
 346:Core/Src/main.c ****   HAL_GPIO_Init(Motor_GPIO_Port, &GPIO_InitStruct);
 123              		.loc 1 346 3 is_stmt 1 view .LVU31
 124 006c 03A9     		add	r1, sp, #12
 125 006e 4FF09040 		mov	r0, #1207959552
 126 0072 FFF7FEFF 		bl	HAL_GPIO_Init
 127              	.LVL2:
 347:Core/Src/main.c **** 
 348:Core/Src/main.c ****   /*Configure GPIO pin : LD3_Pin */
 349:Core/Src/main.c ****   GPIO_InitStruct.Pin = LD3_Pin;
 128              		.loc 1 349 3 view .LVU32
 129              		.loc 1 349 23 is_stmt 0 view .LVU33
 130 0076 0823     		movs	r3, #8
 131 0078 0393     		str	r3, [sp, #12]
 350:Core/Src/main.c ****   GPIO_InitStruct.Mode = GPIO_MODE_OUTPUT_PP;
 132              		.loc 1 350 3 is_stmt 1 view .LVU34
 133              		.loc 1 350 24 is_stmt 0 view .LVU35
 134 007a 0496     		str	r6, [sp, #16]
 351:Core/Src/main.c ****   GPIO_InitStruct.Pull = GPIO_NOPULL;
 135              		.loc 1 351 3 is_stmt 1 view .LVU36
 136              		.loc 1 351 24 is_stmt 0 view .LVU37
 137 007c 0594     		str	r4, [sp, #20]
 352:Core/Src/main.c ****   GPIO_InitStruct.Speed = GPIO_SPEED_FREQ_LOW;
 138              		.loc 1 352 3 is_stmt 1 view .LVU38
 139              		.loc 1 352 25 is_stmt 0 view .LVU39
 140 007e 0694     		str	r4, [sp, #24]
 353:Core/Src/main.c ****   HAL_GPIO_Init(LD3_GPIO_Port, &GPIO_InitStruct);
 141              		.loc 1 353 3 is_stmt 1 view .LVU40
 142 0080 03A9     		add	r1, sp, #12
 143 0082 2846     		mov	r0, r5
 144 0084 FFF7FEFF 		bl	HAL_GPIO_Init
 145              	.LVL3:
 354:Core/Src/main.c **** 
 355:Core/Src/main.c **** }
 146              		.loc 1 355 1 is_stmt 0 view .LVU41
 147 0088 08B0     		add	sp, sp, #32
 148              	.LCFI2:
 149              		.cfi_def_cfa_offset 16
 150              		@ sp needed
 151 008a 70BD     		pop	{r4, r5, r6, pc}
 152              	.L4:
 153              		.align	2
 154              	.L3:
 155 008c 00100240 		.word	1073876992
 156 0090 00040048 		.word	1207960576
 157              		.cfi_endproc
 158              	.LFE301:
 160              		.section	.rodata.print_value.str1.4,"aMS",%progbits,1
ARM GAS  /tmp/cclkat12.s 			page 10


 161              		.align	2
 162              	.LC0:
 163 0000 25640D0A 		.ascii	"%d\015\012\000"
 163      00
 164              		.section	.text.print_value,"ax",%progbits
 165              		.align	1
 166              		.global	print_value
 167              		.syntax unified
 168              		.thumb
 169              		.thumb_func
 170              		.fpu fpv4-sp-d16
 172              	print_value:
 173              	.LVL4:
 174              	.LFB291:
  70:Core/Src/main.c ****     snprintf(buffer,sizeof(buffer),"%d\r\n",to_print);
 175              		.loc 1 70 31 is_stmt 1 view -0
 176              		.cfi_startproc
 177              		@ args = 0, pretend = 0, frame = 0
 178              		@ frame_needed = 0, uses_anonymous_args = 0
  70:Core/Src/main.c ****     snprintf(buffer,sizeof(buffer),"%d\r\n",to_print);
 179              		.loc 1 70 31 is_stmt 0 view .LVU43
 180 0000 10B5     		push	{r4, lr}
 181              	.LCFI3:
 182              		.cfi_def_cfa_offset 8
 183              		.cfi_offset 4, -8
 184              		.cfi_offset 14, -4
 185 0002 0346     		mov	r3, r0
  71:Core/Src/main.c ****     HAL_UART_Transmit(&huart2,(uint8_t *) buffer ,strlen(buffer),100);
 186              		.loc 1 71 5 is_stmt 1 view .LVU44
 187 0004 074C     		ldr	r4, .L7
 188 0006 084A     		ldr	r2, .L7+4
 189 0008 3221     		movs	r1, #50
 190 000a 2046     		mov	r0, r4
 191              	.LVL5:
  71:Core/Src/main.c ****     HAL_UART_Transmit(&huart2,(uint8_t *) buffer ,strlen(buffer),100);
 192              		.loc 1 71 5 is_stmt 0 view .LVU45
 193 000c FFF7FEFF 		bl	snprintf
 194              	.LVL6:
  72:Core/Src/main.c **** }
 195              		.loc 1 72 5 is_stmt 1 view .LVU46
  72:Core/Src/main.c **** }
 196              		.loc 1 72 51 is_stmt 0 view .LVU47
 197 0010 2046     		mov	r0, r4
 198 0012 FFF7FEFF 		bl	strlen
 199              	.LVL7:
  72:Core/Src/main.c **** }
 200              		.loc 1 72 5 view .LVU48
 201 0016 6423     		movs	r3, #100
 202 0018 82B2     		uxth	r2, r0
 203 001a 2146     		mov	r1, r4
 204 001c 0348     		ldr	r0, .L7+8
 205 001e FFF7FEFF 		bl	HAL_UART_Transmit
 206              	.LVL8:
  73:Core/Src/main.c **** 
 207              		.loc 1 73 1 view .LVU49
 208 0022 10BD     		pop	{r4, pc}
 209              	.L8:
ARM GAS  /tmp/cclkat12.s 			page 11


 210              		.align	2
 211              	.L7:
 212 0024 00000000 		.word	buffer
 213 0028 00000000 		.word	.LC0
 214 002c 00000000 		.word	huart2
 215              		.cfi_endproc
 216              	.LFE291:
 218              		.section	.text.average_humidity,"ax",%progbits
 219              		.align	1
 220              		.global	average_humidity
 221              		.syntax unified
 222              		.thumb
 223              		.thumb_func
 224              		.fpu fpv4-sp-d16
 226              	average_humidity:
 227              	.LFB292:
  75:Core/Src/main.c ****     int average=0;
 228              		.loc 1 75 27 is_stmt 1 view -0
 229              		.cfi_startproc
 230              		@ args = 0, pretend = 0, frame = 0
 231              		@ frame_needed = 0, uses_anonymous_args = 0
 232 0000 70B5     		push	{r4, r5, r6, lr}
 233              	.LCFI4:
 234              		.cfi_def_cfa_offset 16
 235              		.cfi_offset 4, -16
 236              		.cfi_offset 5, -12
 237              		.cfi_offset 6, -8
 238              		.cfi_offset 14, -4
  76:Core/Src/main.c ****     for(int i=0;i<8;i++){
 239              		.loc 1 76 5 view .LVU51
 240              	.LVL9:
  77:Core/Src/main.c ****     HAL_ADC_Start(&hadc1);
 241              		.loc 1 77 5 view .LVU52
 242              	.LBB7:
  77:Core/Src/main.c ****     HAL_ADC_Start(&hadc1);
 243              		.loc 1 77 9 view .LVU53
  77:Core/Src/main.c ****     HAL_ADC_Start(&hadc1);
 244              		.loc 1 77 13 is_stmt 0 view .LVU54
 245 0002 0025     		movs	r5, #0
 246              	.LBE7:
  76:Core/Src/main.c ****     for(int i=0;i<8;i++){
 247              		.loc 1 76 9 view .LVU55
 248 0004 2E46     		mov	r6, r5
 249              	.LBB8:
  77:Core/Src/main.c ****     HAL_ADC_Start(&hadc1);
 250              		.loc 1 77 5 view .LVU56
 251 0006 12E0     		b	.L10
 252              	.LVL10:
 253              	.L11:
  78:Core/Src/main.c ****     HAL_ADC_PollForConversion(&hadc1,200);
 254              		.loc 1 78 5 is_stmt 1 discriminator 3 view .LVU57
 255 0008 0F4C     		ldr	r4, .L15
 256 000a 2046     		mov	r0, r4
 257 000c FFF7FEFF 		bl	HAL_ADC_Start
 258              	.LVL11:
  79:Core/Src/main.c ****     humidity= HAL_ADC_GetValue(&hadc1);
 259              		.loc 1 79 5 discriminator 3 view .LVU58
ARM GAS  /tmp/cclkat12.s 			page 12


 260 0010 C821     		movs	r1, #200
 261 0012 2046     		mov	r0, r4
 262 0014 FFF7FEFF 		bl	HAL_ADC_PollForConversion
 263              	.LVL12:
  80:Core/Src/main.c ****     average+=humidity;
 264              		.loc 1 80 5 discriminator 3 view .LVU59
  80:Core/Src/main.c ****     average+=humidity;
 265              		.loc 1 80 15 is_stmt 0 discriminator 3 view .LVU60
 266 0018 2046     		mov	r0, r4
 267 001a FFF7FEFF 		bl	HAL_ADC_GetValue
 268              	.LVL13:
  80:Core/Src/main.c ****     average+=humidity;
 269              		.loc 1 80 13 discriminator 3 view .LVU61
 270 001e 0B4B     		ldr	r3, .L15+4
 271 0020 1860     		str	r0, [r3]
  81:Core/Src/main.c ****     HAL_Delay(10);
 272              		.loc 1 81 5 is_stmt 1 discriminator 3 view .LVU62
 273 0022 1B68     		ldr	r3, [r3]
  81:Core/Src/main.c ****     HAL_Delay(10);
 274              		.loc 1 81 12 is_stmt 0 discriminator 3 view .LVU63
 275 0024 1E44     		add	r6, r6, r3
 276              	.LVL14:
  82:Core/Src/main.c ****     }
 277              		.loc 1 82 5 is_stmt 1 discriminator 3 view .LVU64
 278 0026 0A20     		movs	r0, #10
 279 0028 FFF7FEFF 		bl	HAL_Delay
 280              	.LVL15:
  77:Core/Src/main.c ****     HAL_ADC_Start(&hadc1);
 281              		.loc 1 77 21 discriminator 3 view .LVU65
  77:Core/Src/main.c ****     HAL_ADC_Start(&hadc1);
 282              		.loc 1 77 22 is_stmt 0 discriminator 3 view .LVU66
 283 002c 0135     		adds	r5, r5, #1
 284              	.LVL16:
 285              	.L10:
  77:Core/Src/main.c ****     HAL_ADC_Start(&hadc1);
 286              		.loc 1 77 17 is_stmt 1 discriminator 1 view .LVU67
  77:Core/Src/main.c ****     HAL_ADC_Start(&hadc1);
 287              		.loc 1 77 5 is_stmt 0 discriminator 1 view .LVU68
 288 002e 072D     		cmp	r5, #7
 289 0030 EADD     		ble	.L11
 290              	.LBE8:
  84:Core/Src/main.c ****     return (average/8);
 291              		.loc 1 84 5 is_stmt 1 view .LVU69
 292 0032 3446     		mov	r4, r6
 293 0034 002E     		cmp	r6, #0
 294 0036 05DB     		blt	.L14
 295              	.L12:
  84:Core/Src/main.c ****     return (average/8);
 296              		.loc 1 84 5 is_stmt 0 view .LVU70
 297 0038 E410     		asrs	r4, r4, #3
 298 003a 2046     		mov	r0, r4
 299 003c FFF7FEFF 		bl	print_value
 300              	.LVL17:
  85:Core/Src/main.c **** }
 301              		.loc 1 85 5 is_stmt 1 view .LVU71
  86:Core/Src/main.c **** 
 302              		.loc 1 86 1 is_stmt 0 view .LVU72
ARM GAS  /tmp/cclkat12.s 			page 13


 303 0040 2046     		mov	r0, r4
 304 0042 70BD     		pop	{r4, r5, r6, pc}
 305              	.LVL18:
 306              	.L14:
  84:Core/Src/main.c ****     return (average/8);
 307              		.loc 1 84 5 view .LVU73
 308 0044 F41D     		adds	r4, r6, #7
 309              	.LVL19:
  84:Core/Src/main.c ****     return (average/8);
 310              		.loc 1 84 5 view .LVU74
 311 0046 F7E7     		b	.L12
 312              	.L16:
 313              		.align	2
 314              	.L15:
 315 0048 00000000 		.word	hadc1
 316 004c 00000000 		.word	humidity
 317              		.cfi_endproc
 318              	.LFE292:
 320              		.section	.text.too_dry_average,"ax",%progbits
 321              		.align	1
 322              		.global	too_dry_average
 323              		.syntax unified
 324              		.thumb
 325              		.thumb_func
 326              		.fpu fpv4-sp-d16
 328              	too_dry_average:
 329              	.LFB293:
  88:Core/Src/main.c ****     if(average_humidity()>trocken){
 330              		.loc 1 88 26 is_stmt 1 view -0
 331              		.cfi_startproc
 332              		@ args = 0, pretend = 0, frame = 0
 333              		@ frame_needed = 0, uses_anonymous_args = 0
 334 0000 08B5     		push	{r3, lr}
 335              	.LCFI5:
 336              		.cfi_def_cfa_offset 8
 337              		.cfi_offset 3, -8
 338              		.cfi_offset 14, -4
  89:Core/Src/main.c ****         return 1;
 339              		.loc 1 89 5 view .LVU76
  89:Core/Src/main.c ****         return 1;
 340              		.loc 1 89 8 is_stmt 0 view .LVU77
 341 0002 FFF7FEFF 		bl	average_humidity
 342              	.LVL20:
  89:Core/Src/main.c ****         return 1;
 343              		.loc 1 89 26 view .LVU78
 344 0006 044B     		ldr	r3, .L21
 345 0008 1B68     		ldr	r3, [r3]
  89:Core/Src/main.c ****         return 1;
 346              		.loc 1 89 7 view .LVU79
 347 000a 9842     		cmp	r0, r3
 348 000c 01DD     		ble	.L19
  90:Core/Src/main.c ****     }else{
 349              		.loc 1 90 16 view .LVU80
 350 000e 0120     		movs	r0, #1
 351              	.L17:
  94:Core/Src/main.c **** 
 352              		.loc 1 94 1 view .LVU81
ARM GAS  /tmp/cclkat12.s 			page 14


 353 0010 08BD     		pop	{r3, pc}
 354              	.L19:
  92:Core/Src/main.c ****     }
 355              		.loc 1 92 16 view .LVU82
 356 0012 0020     		movs	r0, #0
 357 0014 FCE7     		b	.L17
 358              	.L22:
 359 0016 00BF     		.align	2
 360              	.L21:
 361 0018 00000000 		.word	.LANCHOR0
 362              		.cfi_endproc
 363              	.LFE293:
 365              		.section	.text.too_dry_once,"ax",%progbits
 366              		.align	1
 367              		.global	too_dry_once
 368              		.syntax unified
 369              		.thumb
 370              		.thumb_func
 371              		.fpu fpv4-sp-d16
 373              	too_dry_once:
 374              	.LFB294:
  96:Core/Src/main.c ****     HAL_ADC_Start(&hadc1);
 375              		.loc 1 96 23 is_stmt 1 view -0
 376              		.cfi_startproc
 377              		@ args = 0, pretend = 0, frame = 0
 378              		@ frame_needed = 0, uses_anonymous_args = 0
 379 0000 10B5     		push	{r4, lr}
 380              	.LCFI6:
 381              		.cfi_def_cfa_offset 8
 382              		.cfi_offset 4, -8
 383              		.cfi_offset 14, -4
  97:Core/Src/main.c ****     HAL_ADC_PollForConversion(&hadc1,200);
 384              		.loc 1 97 5 view .LVU84
 385 0002 0C4C     		ldr	r4, .L27
 386 0004 2046     		mov	r0, r4
 387 0006 FFF7FEFF 		bl	HAL_ADC_Start
 388              	.LVL21:
  98:Core/Src/main.c ****     humidity= HAL_ADC_GetValue(&hadc1);
 389              		.loc 1 98 5 view .LVU85
 390 000a C821     		movs	r1, #200
 391 000c 2046     		mov	r0, r4
 392 000e FFF7FEFF 		bl	HAL_ADC_PollForConversion
 393              	.LVL22:
  99:Core/Src/main.c ****     print_value(humidity);
 394              		.loc 1 99 5 view .LVU86
  99:Core/Src/main.c ****     print_value(humidity);
 395              		.loc 1 99 15 is_stmt 0 view .LVU87
 396 0012 2046     		mov	r0, r4
 397 0014 FFF7FEFF 		bl	HAL_ADC_GetValue
 398              	.LVL23:
  99:Core/Src/main.c ****     print_value(humidity);
 399              		.loc 1 99 13 view .LVU88
 400 0018 074C     		ldr	r4, .L27+4
 401 001a 2060     		str	r0, [r4]
 100:Core/Src/main.c ****     if(humidity>trocken){
 402              		.loc 1 100 5 is_stmt 1 view .LVU89
 403 001c 2068     		ldr	r0, [r4]
ARM GAS  /tmp/cclkat12.s 			page 15


 404 001e FFF7FEFF 		bl	print_value
 405              	.LVL24:
 101:Core/Src/main.c ****         return 1;
 406              		.loc 1 101 5 view .LVU90
 101:Core/Src/main.c ****         return 1;
 407              		.loc 1 101 16 is_stmt 0 view .LVU91
 408 0022 2268     		ldr	r2, [r4]
 409 0024 054B     		ldr	r3, .L27+8
 410 0026 1B68     		ldr	r3, [r3]
 101:Core/Src/main.c ****         return 1;
 411              		.loc 1 101 7 view .LVU92
 412 0028 9A42     		cmp	r2, r3
 413 002a 01DD     		ble	.L25
 102:Core/Src/main.c ****     }else{
 414              		.loc 1 102 16 view .LVU93
 415 002c 0120     		movs	r0, #1
 416              	.L23:
 106:Core/Src/main.c **** 
 417              		.loc 1 106 1 view .LVU94
 418 002e 10BD     		pop	{r4, pc}
 419              	.L25:
 104:Core/Src/main.c ****     }
 420              		.loc 1 104 16 view .LVU95
 421 0030 0020     		movs	r0, #0
 422 0032 FCE7     		b	.L23
 423              	.L28:
 424              		.align	2
 425              	.L27:
 426 0034 00000000 		.word	hadc1
 427 0038 00000000 		.word	humidity
 428 003c 00000000 		.word	.LANCHOR0
 429              		.cfi_endproc
 430              	.LFE294:
 432              		.section	.text.water_plant,"ax",%progbits
 433              		.align	1
 434              		.global	water_plant
 435              		.syntax unified
 436              		.thumb
 437              		.thumb_func
 438              		.fpu fpv4-sp-d16
 440              	water_plant:
 441              	.LFB295:
 108:Core/Src/main.c ****     HAL_GPIO_WritePin(Motor_GPIO_Port, Motor_Pin,GPIO_PIN_SET);
 442              		.loc 1 108 23 is_stmt 1 view -0
 443              		.cfi_startproc
 444              		@ args = 0, pretend = 0, frame = 0
 445              		@ frame_needed = 0, uses_anonymous_args = 0
 446 0000 08B5     		push	{r3, lr}
 447              	.LCFI7:
 448              		.cfi_def_cfa_offset 8
 449              		.cfi_offset 3, -8
 450              		.cfi_offset 14, -4
 109:Core/Src/main.c ****     HAL_Delay(1000);
 451              		.loc 1 109 5 view .LVU97
 452 0002 0122     		movs	r2, #1
 453 0004 8021     		movs	r1, #128
 454 0006 4FF09040 		mov	r0, #1207959552
ARM GAS  /tmp/cclkat12.s 			page 16


 455 000a FFF7FEFF 		bl	HAL_GPIO_WritePin
 456              	.LVL25:
 110:Core/Src/main.c ****     HAL_GPIO_WritePin(Motor_GPIO_Port, Motor_Pin,GPIO_PIN_RESET);
 457              		.loc 1 110 5 view .LVU98
 458 000e 4FF47A70 		mov	r0, #1000
 459 0012 FFF7FEFF 		bl	HAL_Delay
 460              	.LVL26:
 111:Core/Src/main.c ****     HAL_Delay(5000);
 461              		.loc 1 111 5 view .LVU99
 462 0016 0022     		movs	r2, #0
 463 0018 8021     		movs	r1, #128
 464 001a 4FF09040 		mov	r0, #1207959552
 465 001e FFF7FEFF 		bl	HAL_GPIO_WritePin
 466              	.LVL27:
 112:Core/Src/main.c **** }
 467              		.loc 1 112 5 view .LVU100
 468 0022 41F28830 		movw	r0, #5000
 469 0026 FFF7FEFF 		bl	HAL_Delay
 470              	.LVL28:
 113:Core/Src/main.c **** 
 471              		.loc 1 113 1 is_stmt 0 view .LVU101
 472 002a 08BD     		pop	{r3, pc}
 473              		.cfi_endproc
 474              	.LFE295:
 476              		.section	.text.watering_system,"ax",%progbits
 477              		.align	1
 478              		.global	watering_system
 479              		.syntax unified
 480              		.thumb
 481              		.thumb_func
 482              		.fpu fpv4-sp-d16
 484              	watering_system:
 485              	.LFB296:
 115:Core/Src/main.c ****     if(too_dry_average()){
 486              		.loc 1 115 28 is_stmt 1 view -0
 487              		.cfi_startproc
 488              		@ args = 0, pretend = 0, frame = 0
 489              		@ frame_needed = 0, uses_anonymous_args = 0
 490 0000 08B5     		push	{r3, lr}
 491              	.LCFI8:
 492              		.cfi_def_cfa_offset 8
 493              		.cfi_offset 3, -8
 494              		.cfi_offset 14, -4
 116:Core/Src/main.c ****         while(too_dry_once()){
 495              		.loc 1 116 5 view .LVU103
 116:Core/Src/main.c ****         while(too_dry_once()){
 496              		.loc 1 116 8 is_stmt 0 view .LVU104
 497 0002 FFF7FEFF 		bl	too_dry_average
 498              	.LVL29:
 116:Core/Src/main.c ****         while(too_dry_once()){
 499              		.loc 1 116 7 view .LVU105
 500 0006 00B9     		cbnz	r0, .L32
 501              	.L31:
 121:Core/Src/main.c **** 
 502              		.loc 1 121 1 view .LVU106
 503 0008 08BD     		pop	{r3, pc}
 504              	.L32:
ARM GAS  /tmp/cclkat12.s 			page 17


 117:Core/Src/main.c ****         water_plant();
 505              		.loc 1 117 14 is_stmt 1 view .LVU107
 117:Core/Src/main.c ****         water_plant();
 506              		.loc 1 117 15 is_stmt 0 view .LVU108
 507 000a FFF7FEFF 		bl	too_dry_once
 508              	.LVL30:
 117:Core/Src/main.c ****         water_plant();
 509              		.loc 1 117 14 view .LVU109
 510 000e 0028     		cmp	r0, #0
 511 0010 FAD0     		beq	.L31
 118:Core/Src/main.c ****         }
 512              		.loc 1 118 9 is_stmt 1 view .LVU110
 513 0012 FFF7FEFF 		bl	water_plant
 514              	.LVL31:
 515 0016 F8E7     		b	.L32
 516              		.cfi_endproc
 517              	.LFE296:
 519              		.section	.text.Error_Handler,"ax",%progbits
 520              		.align	1
 521              		.global	Error_Handler
 522              		.syntax unified
 523              		.thumb
 524              		.thumb_func
 525              		.fpu fpv4-sp-d16
 527              	Error_Handler:
 528              	.LFB302:
 356:Core/Src/main.c **** 
 357:Core/Src/main.c **** /* USER CODE BEGIN 4 */
 358:Core/Src/main.c **** 
 359:Core/Src/main.c **** /* USER CODE END 4 */
 360:Core/Src/main.c **** 
 361:Core/Src/main.c **** /**
 362:Core/Src/main.c ****   * @brief  This function is executed in case of error occurrence.
 363:Core/Src/main.c ****   * @retval None
 364:Core/Src/main.c ****   */
 365:Core/Src/main.c **** void Error_Handler(void)
 366:Core/Src/main.c **** {
 529              		.loc 1 366 1 view -0
 530              		.cfi_startproc
 531              		@ Volatile: function does not return.
 532              		@ args = 0, pretend = 0, frame = 0
 533              		@ frame_needed = 0, uses_anonymous_args = 0
 534              		@ link register save eliminated.
 367:Core/Src/main.c ****   /* USER CODE BEGIN Error_Handler_Debug */
 368:Core/Src/main.c ****   /* User can add his own implementation to report the HAL error return state */
 369:Core/Src/main.c ****   __disable_irq();
 535              		.loc 1 369 3 view .LVU112
 536              	.LBB9:
 537              	.LBI9:
 538              		.file 2 "Drivers/CMSIS/Include/cmsis_gcc.h"
   1:Drivers/CMSIS/Include/cmsis_gcc.h **** /**************************************************************************//**
   2:Drivers/CMSIS/Include/cmsis_gcc.h ****  * @file     cmsis_gcc.h
   3:Drivers/CMSIS/Include/cmsis_gcc.h ****  * @brief    CMSIS compiler GCC header file
   4:Drivers/CMSIS/Include/cmsis_gcc.h ****  * @version  V5.2.0
   5:Drivers/CMSIS/Include/cmsis_gcc.h ****  * @date     08. May 2019
   6:Drivers/CMSIS/Include/cmsis_gcc.h ****  ******************************************************************************/
   7:Drivers/CMSIS/Include/cmsis_gcc.h **** /*
ARM GAS  /tmp/cclkat12.s 			page 18


   8:Drivers/CMSIS/Include/cmsis_gcc.h ****  * Copyright (c) 2009-2019 Arm Limited. All rights reserved.
   9:Drivers/CMSIS/Include/cmsis_gcc.h ****  *
  10:Drivers/CMSIS/Include/cmsis_gcc.h ****  * SPDX-License-Identifier: Apache-2.0
  11:Drivers/CMSIS/Include/cmsis_gcc.h ****  *
  12:Drivers/CMSIS/Include/cmsis_gcc.h ****  * Licensed under the Apache License, Version 2.0 (the License); you may
  13:Drivers/CMSIS/Include/cmsis_gcc.h ****  * not use this file except in compliance with the License.
  14:Drivers/CMSIS/Include/cmsis_gcc.h ****  * You may obtain a copy of the License at
  15:Drivers/CMSIS/Include/cmsis_gcc.h ****  *
  16:Drivers/CMSIS/Include/cmsis_gcc.h ****  * www.apache.org/licenses/LICENSE-2.0
  17:Drivers/CMSIS/Include/cmsis_gcc.h ****  *
  18:Drivers/CMSIS/Include/cmsis_gcc.h ****  * Unless required by applicable law or agreed to in writing, software
  19:Drivers/CMSIS/Include/cmsis_gcc.h ****  * distributed under the License is distributed on an AS IS BASIS, WITHOUT
  20:Drivers/CMSIS/Include/cmsis_gcc.h ****  * WARRANTIES OR CONDITIONS OF ANY KIND, either express or implied.
  21:Drivers/CMSIS/Include/cmsis_gcc.h ****  * See the License for the specific language governing permissions and
  22:Drivers/CMSIS/Include/cmsis_gcc.h ****  * limitations under the License.
  23:Drivers/CMSIS/Include/cmsis_gcc.h ****  */
  24:Drivers/CMSIS/Include/cmsis_gcc.h **** 
  25:Drivers/CMSIS/Include/cmsis_gcc.h **** #ifndef __CMSIS_GCC_H
  26:Drivers/CMSIS/Include/cmsis_gcc.h **** #define __CMSIS_GCC_H
  27:Drivers/CMSIS/Include/cmsis_gcc.h **** 
  28:Drivers/CMSIS/Include/cmsis_gcc.h **** /* ignore some GCC warnings */
  29:Drivers/CMSIS/Include/cmsis_gcc.h **** #pragma GCC diagnostic push
  30:Drivers/CMSIS/Include/cmsis_gcc.h **** #pragma GCC diagnostic ignored "-Wsign-conversion"
  31:Drivers/CMSIS/Include/cmsis_gcc.h **** #pragma GCC diagnostic ignored "-Wconversion"
  32:Drivers/CMSIS/Include/cmsis_gcc.h **** #pragma GCC diagnostic ignored "-Wunused-parameter"
  33:Drivers/CMSIS/Include/cmsis_gcc.h **** 
  34:Drivers/CMSIS/Include/cmsis_gcc.h **** /* Fallback for __has_builtin */
  35:Drivers/CMSIS/Include/cmsis_gcc.h **** #ifndef __has_builtin
  36:Drivers/CMSIS/Include/cmsis_gcc.h ****   #define __has_builtin(x) (0)
  37:Drivers/CMSIS/Include/cmsis_gcc.h **** #endif
  38:Drivers/CMSIS/Include/cmsis_gcc.h **** 
  39:Drivers/CMSIS/Include/cmsis_gcc.h **** /* CMSIS compiler specific defines */
  40:Drivers/CMSIS/Include/cmsis_gcc.h **** #ifndef   __ASM
  41:Drivers/CMSIS/Include/cmsis_gcc.h ****   #define __ASM                                  __asm
  42:Drivers/CMSIS/Include/cmsis_gcc.h **** #endif
  43:Drivers/CMSIS/Include/cmsis_gcc.h **** #ifndef   __INLINE
  44:Drivers/CMSIS/Include/cmsis_gcc.h ****   #define __INLINE                               inline
  45:Drivers/CMSIS/Include/cmsis_gcc.h **** #endif
  46:Drivers/CMSIS/Include/cmsis_gcc.h **** #ifndef   __STATIC_INLINE
  47:Drivers/CMSIS/Include/cmsis_gcc.h ****   #define __STATIC_INLINE                        static inline
  48:Drivers/CMSIS/Include/cmsis_gcc.h **** #endif
  49:Drivers/CMSIS/Include/cmsis_gcc.h **** #ifndef   __STATIC_FORCEINLINE                 
  50:Drivers/CMSIS/Include/cmsis_gcc.h ****   #define __STATIC_FORCEINLINE                   __attribute__((always_inline)) static inline
  51:Drivers/CMSIS/Include/cmsis_gcc.h **** #endif                                           
  52:Drivers/CMSIS/Include/cmsis_gcc.h **** #ifndef   __NO_RETURN
  53:Drivers/CMSIS/Include/cmsis_gcc.h ****   #define __NO_RETURN                            __attribute__((__noreturn__))
  54:Drivers/CMSIS/Include/cmsis_gcc.h **** #endif
  55:Drivers/CMSIS/Include/cmsis_gcc.h **** #ifndef   __USED
  56:Drivers/CMSIS/Include/cmsis_gcc.h ****   #define __USED                                 __attribute__((used))
  57:Drivers/CMSIS/Include/cmsis_gcc.h **** #endif
  58:Drivers/CMSIS/Include/cmsis_gcc.h **** #ifndef   __WEAK
  59:Drivers/CMSIS/Include/cmsis_gcc.h ****   #define __WEAK                                 __attribute__((weak))
  60:Drivers/CMSIS/Include/cmsis_gcc.h **** #endif
  61:Drivers/CMSIS/Include/cmsis_gcc.h **** #ifndef   __PACKED
  62:Drivers/CMSIS/Include/cmsis_gcc.h ****   #define __PACKED                               __attribute__((packed, aligned(1)))
  63:Drivers/CMSIS/Include/cmsis_gcc.h **** #endif
  64:Drivers/CMSIS/Include/cmsis_gcc.h **** #ifndef   __PACKED_STRUCT
ARM GAS  /tmp/cclkat12.s 			page 19


  65:Drivers/CMSIS/Include/cmsis_gcc.h ****   #define __PACKED_STRUCT                        struct __attribute__((packed, aligned(1)))
  66:Drivers/CMSIS/Include/cmsis_gcc.h **** #endif
  67:Drivers/CMSIS/Include/cmsis_gcc.h **** #ifndef   __PACKED_UNION
  68:Drivers/CMSIS/Include/cmsis_gcc.h ****   #define __PACKED_UNION                         union __attribute__((packed, aligned(1)))
  69:Drivers/CMSIS/Include/cmsis_gcc.h **** #endif
  70:Drivers/CMSIS/Include/cmsis_gcc.h **** #ifndef   __UNALIGNED_UINT32        /* deprecated */
  71:Drivers/CMSIS/Include/cmsis_gcc.h ****   #pragma GCC diagnostic push
  72:Drivers/CMSIS/Include/cmsis_gcc.h ****   #pragma GCC diagnostic ignored "-Wpacked"
  73:Drivers/CMSIS/Include/cmsis_gcc.h ****   #pragma GCC diagnostic ignored "-Wattributes"
  74:Drivers/CMSIS/Include/cmsis_gcc.h ****   struct __attribute__((packed)) T_UINT32 { uint32_t v; };
  75:Drivers/CMSIS/Include/cmsis_gcc.h ****   #pragma GCC diagnostic pop
  76:Drivers/CMSIS/Include/cmsis_gcc.h ****   #define __UNALIGNED_UINT32(x)                  (((struct T_UINT32 *)(x))->v)
  77:Drivers/CMSIS/Include/cmsis_gcc.h **** #endif
  78:Drivers/CMSIS/Include/cmsis_gcc.h **** #ifndef   __UNALIGNED_UINT16_WRITE
  79:Drivers/CMSIS/Include/cmsis_gcc.h ****   #pragma GCC diagnostic push
  80:Drivers/CMSIS/Include/cmsis_gcc.h ****   #pragma GCC diagnostic ignored "-Wpacked"
  81:Drivers/CMSIS/Include/cmsis_gcc.h ****   #pragma GCC diagnostic ignored "-Wattributes"
  82:Drivers/CMSIS/Include/cmsis_gcc.h ****   __PACKED_STRUCT T_UINT16_WRITE { uint16_t v; };
  83:Drivers/CMSIS/Include/cmsis_gcc.h ****   #pragma GCC diagnostic pop
  84:Drivers/CMSIS/Include/cmsis_gcc.h ****   #define __UNALIGNED_UINT16_WRITE(addr, val)    (void)((((struct T_UINT16_WRITE *)(void *)(addr))-
  85:Drivers/CMSIS/Include/cmsis_gcc.h **** #endif
  86:Drivers/CMSIS/Include/cmsis_gcc.h **** #ifndef   __UNALIGNED_UINT16_READ
  87:Drivers/CMSIS/Include/cmsis_gcc.h ****   #pragma GCC diagnostic push
  88:Drivers/CMSIS/Include/cmsis_gcc.h ****   #pragma GCC diagnostic ignored "-Wpacked"
  89:Drivers/CMSIS/Include/cmsis_gcc.h ****   #pragma GCC diagnostic ignored "-Wattributes"
  90:Drivers/CMSIS/Include/cmsis_gcc.h ****   __PACKED_STRUCT T_UINT16_READ { uint16_t v; };
  91:Drivers/CMSIS/Include/cmsis_gcc.h ****   #pragma GCC diagnostic pop
  92:Drivers/CMSIS/Include/cmsis_gcc.h ****   #define __UNALIGNED_UINT16_READ(addr)          (((const struct T_UINT16_READ *)(const void *)(add
  93:Drivers/CMSIS/Include/cmsis_gcc.h **** #endif
  94:Drivers/CMSIS/Include/cmsis_gcc.h **** #ifndef   __UNALIGNED_UINT32_WRITE
  95:Drivers/CMSIS/Include/cmsis_gcc.h ****   #pragma GCC diagnostic push
  96:Drivers/CMSIS/Include/cmsis_gcc.h ****   #pragma GCC diagnostic ignored "-Wpacked"
  97:Drivers/CMSIS/Include/cmsis_gcc.h ****   #pragma GCC diagnostic ignored "-Wattributes"
  98:Drivers/CMSIS/Include/cmsis_gcc.h ****   __PACKED_STRUCT T_UINT32_WRITE { uint32_t v; };
  99:Drivers/CMSIS/Include/cmsis_gcc.h ****   #pragma GCC diagnostic pop
 100:Drivers/CMSIS/Include/cmsis_gcc.h ****   #define __UNALIGNED_UINT32_WRITE(addr, val)    (void)((((struct T_UINT32_WRITE *)(void *)(addr))-
 101:Drivers/CMSIS/Include/cmsis_gcc.h **** #endif
 102:Drivers/CMSIS/Include/cmsis_gcc.h **** #ifndef   __UNALIGNED_UINT32_READ
 103:Drivers/CMSIS/Include/cmsis_gcc.h ****   #pragma GCC diagnostic push
 104:Drivers/CMSIS/Include/cmsis_gcc.h ****   #pragma GCC diagnostic ignored "-Wpacked"
 105:Drivers/CMSIS/Include/cmsis_gcc.h ****   #pragma GCC diagnostic ignored "-Wattributes"
 106:Drivers/CMSIS/Include/cmsis_gcc.h ****   __PACKED_STRUCT T_UINT32_READ { uint32_t v; };
 107:Drivers/CMSIS/Include/cmsis_gcc.h ****   #pragma GCC diagnostic pop
 108:Drivers/CMSIS/Include/cmsis_gcc.h ****   #define __UNALIGNED_UINT32_READ(addr)          (((const struct T_UINT32_READ *)(const void *)(add
 109:Drivers/CMSIS/Include/cmsis_gcc.h **** #endif
 110:Drivers/CMSIS/Include/cmsis_gcc.h **** #ifndef   __ALIGNED
 111:Drivers/CMSIS/Include/cmsis_gcc.h ****   #define __ALIGNED(x)                           __attribute__((aligned(x)))
 112:Drivers/CMSIS/Include/cmsis_gcc.h **** #endif
 113:Drivers/CMSIS/Include/cmsis_gcc.h **** #ifndef   __RESTRICT
 114:Drivers/CMSIS/Include/cmsis_gcc.h ****   #define __RESTRICT                             __restrict
 115:Drivers/CMSIS/Include/cmsis_gcc.h **** #endif
 116:Drivers/CMSIS/Include/cmsis_gcc.h **** #ifndef   __COMPILER_BARRIER
 117:Drivers/CMSIS/Include/cmsis_gcc.h ****   #define __COMPILER_BARRIER()                   __ASM volatile("":::"memory")
 118:Drivers/CMSIS/Include/cmsis_gcc.h **** #endif
 119:Drivers/CMSIS/Include/cmsis_gcc.h **** 
 120:Drivers/CMSIS/Include/cmsis_gcc.h **** /* #########################  Startup and Lowlevel Init  ######################## */
 121:Drivers/CMSIS/Include/cmsis_gcc.h **** 
ARM GAS  /tmp/cclkat12.s 			page 20


 122:Drivers/CMSIS/Include/cmsis_gcc.h **** #ifndef __PROGRAM_START
 123:Drivers/CMSIS/Include/cmsis_gcc.h **** 
 124:Drivers/CMSIS/Include/cmsis_gcc.h **** /**
 125:Drivers/CMSIS/Include/cmsis_gcc.h ****   \brief   Initializes data and bss sections
 126:Drivers/CMSIS/Include/cmsis_gcc.h ****   \details This default implementations initialized all data and additional bss
 127:Drivers/CMSIS/Include/cmsis_gcc.h ****            sections relying on .copy.table and .zero.table specified properly
 128:Drivers/CMSIS/Include/cmsis_gcc.h ****            in the used linker script.
 129:Drivers/CMSIS/Include/cmsis_gcc.h ****   
 130:Drivers/CMSIS/Include/cmsis_gcc.h ****  */
 131:Drivers/CMSIS/Include/cmsis_gcc.h **** __STATIC_FORCEINLINE __NO_RETURN void __cmsis_start(void)
 132:Drivers/CMSIS/Include/cmsis_gcc.h **** {
 133:Drivers/CMSIS/Include/cmsis_gcc.h ****   extern void _start(void) __NO_RETURN;
 134:Drivers/CMSIS/Include/cmsis_gcc.h ****   
 135:Drivers/CMSIS/Include/cmsis_gcc.h ****   typedef struct {
 136:Drivers/CMSIS/Include/cmsis_gcc.h ****     uint32_t const* src;
 137:Drivers/CMSIS/Include/cmsis_gcc.h ****     uint32_t* dest;
 138:Drivers/CMSIS/Include/cmsis_gcc.h ****     uint32_t  wlen;
 139:Drivers/CMSIS/Include/cmsis_gcc.h ****   } __copy_table_t;
 140:Drivers/CMSIS/Include/cmsis_gcc.h ****   
 141:Drivers/CMSIS/Include/cmsis_gcc.h ****   typedef struct {
 142:Drivers/CMSIS/Include/cmsis_gcc.h ****     uint32_t* dest;
 143:Drivers/CMSIS/Include/cmsis_gcc.h ****     uint32_t  wlen;
 144:Drivers/CMSIS/Include/cmsis_gcc.h ****   } __zero_table_t;
 145:Drivers/CMSIS/Include/cmsis_gcc.h ****   
 146:Drivers/CMSIS/Include/cmsis_gcc.h ****   extern const __copy_table_t __copy_table_start__;
 147:Drivers/CMSIS/Include/cmsis_gcc.h ****   extern const __copy_table_t __copy_table_end__;
 148:Drivers/CMSIS/Include/cmsis_gcc.h ****   extern const __zero_table_t __zero_table_start__;
 149:Drivers/CMSIS/Include/cmsis_gcc.h ****   extern const __zero_table_t __zero_table_end__;
 150:Drivers/CMSIS/Include/cmsis_gcc.h **** 
 151:Drivers/CMSIS/Include/cmsis_gcc.h ****   for (__copy_table_t const* pTable = &__copy_table_start__; pTable < &__copy_table_end__; ++pTable
 152:Drivers/CMSIS/Include/cmsis_gcc.h ****     for(uint32_t i=0u; i<pTable->wlen; ++i) {
 153:Drivers/CMSIS/Include/cmsis_gcc.h ****       pTable->dest[i] = pTable->src[i];
 154:Drivers/CMSIS/Include/cmsis_gcc.h ****     }
 155:Drivers/CMSIS/Include/cmsis_gcc.h ****   }
 156:Drivers/CMSIS/Include/cmsis_gcc.h ****  
 157:Drivers/CMSIS/Include/cmsis_gcc.h ****   for (__zero_table_t const* pTable = &__zero_table_start__; pTable < &__zero_table_end__; ++pTable
 158:Drivers/CMSIS/Include/cmsis_gcc.h ****     for(uint32_t i=0u; i<pTable->wlen; ++i) {
 159:Drivers/CMSIS/Include/cmsis_gcc.h ****       pTable->dest[i] = 0u;
 160:Drivers/CMSIS/Include/cmsis_gcc.h ****     }
 161:Drivers/CMSIS/Include/cmsis_gcc.h ****   }
 162:Drivers/CMSIS/Include/cmsis_gcc.h ****  
 163:Drivers/CMSIS/Include/cmsis_gcc.h ****   _start();
 164:Drivers/CMSIS/Include/cmsis_gcc.h **** }
 165:Drivers/CMSIS/Include/cmsis_gcc.h ****   
 166:Drivers/CMSIS/Include/cmsis_gcc.h **** #define __PROGRAM_START           __cmsis_start
 167:Drivers/CMSIS/Include/cmsis_gcc.h **** #endif
 168:Drivers/CMSIS/Include/cmsis_gcc.h **** 
 169:Drivers/CMSIS/Include/cmsis_gcc.h **** #ifndef __INITIAL_SP
 170:Drivers/CMSIS/Include/cmsis_gcc.h **** #define __INITIAL_SP              __StackTop
 171:Drivers/CMSIS/Include/cmsis_gcc.h **** #endif
 172:Drivers/CMSIS/Include/cmsis_gcc.h **** 
 173:Drivers/CMSIS/Include/cmsis_gcc.h **** #ifndef __STACK_LIMIT
 174:Drivers/CMSIS/Include/cmsis_gcc.h **** #define __STACK_LIMIT             __StackLimit
 175:Drivers/CMSIS/Include/cmsis_gcc.h **** #endif
 176:Drivers/CMSIS/Include/cmsis_gcc.h **** 
 177:Drivers/CMSIS/Include/cmsis_gcc.h **** #ifndef __VECTOR_TABLE
 178:Drivers/CMSIS/Include/cmsis_gcc.h **** #define __VECTOR_TABLE            __Vectors
ARM GAS  /tmp/cclkat12.s 			page 21


 179:Drivers/CMSIS/Include/cmsis_gcc.h **** #endif
 180:Drivers/CMSIS/Include/cmsis_gcc.h **** 
 181:Drivers/CMSIS/Include/cmsis_gcc.h **** #ifndef __VECTOR_TABLE_ATTRIBUTE
 182:Drivers/CMSIS/Include/cmsis_gcc.h **** #define __VECTOR_TABLE_ATTRIBUTE  __attribute((used, section(".vectors")))
 183:Drivers/CMSIS/Include/cmsis_gcc.h **** #endif
 184:Drivers/CMSIS/Include/cmsis_gcc.h **** 
 185:Drivers/CMSIS/Include/cmsis_gcc.h **** /* ###########################  Core Function Access  ########################### */
 186:Drivers/CMSIS/Include/cmsis_gcc.h **** /** \ingroup  CMSIS_Core_FunctionInterface
 187:Drivers/CMSIS/Include/cmsis_gcc.h ****     \defgroup CMSIS_Core_RegAccFunctions CMSIS Core Register Access Functions
 188:Drivers/CMSIS/Include/cmsis_gcc.h ****   @{
 189:Drivers/CMSIS/Include/cmsis_gcc.h ****  */
 190:Drivers/CMSIS/Include/cmsis_gcc.h **** 
 191:Drivers/CMSIS/Include/cmsis_gcc.h **** /**
 192:Drivers/CMSIS/Include/cmsis_gcc.h ****   \brief   Enable IRQ Interrupts
 193:Drivers/CMSIS/Include/cmsis_gcc.h ****   \details Enables IRQ interrupts by clearing the I-bit in the CPSR.
 194:Drivers/CMSIS/Include/cmsis_gcc.h ****            Can only be executed in Privileged modes.
 195:Drivers/CMSIS/Include/cmsis_gcc.h ****  */
 196:Drivers/CMSIS/Include/cmsis_gcc.h **** __STATIC_FORCEINLINE void __enable_irq(void)
 197:Drivers/CMSIS/Include/cmsis_gcc.h **** {
 198:Drivers/CMSIS/Include/cmsis_gcc.h ****   __ASM volatile ("cpsie i" : : : "memory");
 199:Drivers/CMSIS/Include/cmsis_gcc.h **** }
 200:Drivers/CMSIS/Include/cmsis_gcc.h **** 
 201:Drivers/CMSIS/Include/cmsis_gcc.h **** 
 202:Drivers/CMSIS/Include/cmsis_gcc.h **** /**
 203:Drivers/CMSIS/Include/cmsis_gcc.h ****   \brief   Disable IRQ Interrupts
 204:Drivers/CMSIS/Include/cmsis_gcc.h ****   \details Disables IRQ interrupts by setting the I-bit in the CPSR.
 205:Drivers/CMSIS/Include/cmsis_gcc.h ****            Can only be executed in Privileged modes.
 206:Drivers/CMSIS/Include/cmsis_gcc.h ****  */
 207:Drivers/CMSIS/Include/cmsis_gcc.h **** __STATIC_FORCEINLINE void __disable_irq(void)
 539              		.loc 2 207 27 view .LVU113
 540              	.LBB10:
 208:Drivers/CMSIS/Include/cmsis_gcc.h **** {
 209:Drivers/CMSIS/Include/cmsis_gcc.h ****   __ASM volatile ("cpsid i" : : : "memory");
 541              		.loc 2 209 3 view .LVU114
 542              		.syntax unified
 543              	@ 209 "Drivers/CMSIS/Include/cmsis_gcc.h" 1
 544 0000 72B6     		cpsid i
 545              	@ 0 "" 2
 546              		.thumb
 547              		.syntax unified
 548              	.L37:
 549              	.LBE10:
 550              	.LBE9:
 370:Core/Src/main.c ****   while (1)
 551              		.loc 1 370 3 discriminator 1 view .LVU115
 371:Core/Src/main.c ****   {
 372:Core/Src/main.c ****   }
 552              		.loc 1 372 3 discriminator 1 view .LVU116
 370:Core/Src/main.c ****   while (1)
 553              		.loc 1 370 9 discriminator 1 view .LVU117
 554 0002 FEE7     		b	.L37
 555              		.cfi_endproc
 556              	.LFE302:
 558              		.section	.text.MX_ADC1_Init,"ax",%progbits
 559              		.align	1
 560              		.syntax unified
 561              		.thumb
ARM GAS  /tmp/cclkat12.s 			page 22


 562              		.thumb_func
 563              		.fpu fpv4-sp-d16
 565              	MX_ADC1_Init:
 566              	.LFB299:
 236:Core/Src/main.c **** 
 567              		.loc 1 236 1 view -0
 568              		.cfi_startproc
 569              		@ args = 0, pretend = 0, frame = 24
 570              		@ frame_needed = 0, uses_anonymous_args = 0
 571 0000 00B5     		push	{lr}
 572              	.LCFI9:
 573              		.cfi_def_cfa_offset 4
 574              		.cfi_offset 14, -4
 575 0002 87B0     		sub	sp, sp, #28
 576              	.LCFI10:
 577              		.cfi_def_cfa_offset 32
 242:Core/Src/main.c **** 
 578              		.loc 1 242 3 view .LVU119
 242:Core/Src/main.c **** 
 579              		.loc 1 242 26 is_stmt 0 view .LVU120
 580 0004 0023     		movs	r3, #0
 581 0006 0093     		str	r3, [sp]
 582 0008 0193     		str	r3, [sp, #4]
 583 000a 0293     		str	r3, [sp, #8]
 584 000c 0393     		str	r3, [sp, #12]
 585 000e 0493     		str	r3, [sp, #16]
 586 0010 0593     		str	r3, [sp, #20]
 249:Core/Src/main.c ****   hadc1.Init.ClockPrescaler = ADC_CLOCK_ASYNC_DIV1;
 587              		.loc 1 249 3 is_stmt 1 view .LVU121
 249:Core/Src/main.c ****   hadc1.Init.ClockPrescaler = ADC_CLOCK_ASYNC_DIV1;
 588              		.loc 1 249 18 is_stmt 0 view .LVU122
 589 0012 1848     		ldr	r0, .L44
 590 0014 184A     		ldr	r2, .L44+4
 591 0016 0260     		str	r2, [r0]
 250:Core/Src/main.c ****   hadc1.Init.Resolution = ADC_RESOLUTION_12B;
 592              		.loc 1 250 3 is_stmt 1 view .LVU123
 250:Core/Src/main.c ****   hadc1.Init.Resolution = ADC_RESOLUTION_12B;
 593              		.loc 1 250 29 is_stmt 0 view .LVU124
 594 0018 4360     		str	r3, [r0, #4]
 251:Core/Src/main.c ****   hadc1.Init.DataAlign = ADC_DATAALIGN_RIGHT;
 595              		.loc 1 251 3 is_stmt 1 view .LVU125
 251:Core/Src/main.c ****   hadc1.Init.DataAlign = ADC_DATAALIGN_RIGHT;
 596              		.loc 1 251 25 is_stmt 0 view .LVU126
 597 001a 8360     		str	r3, [r0, #8]
 252:Core/Src/main.c ****   hadc1.Init.ScanConvMode = ADC_SCAN_DISABLE;
 598              		.loc 1 252 3 is_stmt 1 view .LVU127
 252:Core/Src/main.c ****   hadc1.Init.ScanConvMode = ADC_SCAN_DISABLE;
 599              		.loc 1 252 24 is_stmt 0 view .LVU128
 600 001c C360     		str	r3, [r0, #12]
 253:Core/Src/main.c ****   hadc1.Init.EOCSelection = ADC_EOC_SINGLE_CONV;
 601              		.loc 1 253 3 is_stmt 1 view .LVU129
 253:Core/Src/main.c ****   hadc1.Init.EOCSelection = ADC_EOC_SINGLE_CONV;
 602              		.loc 1 253 27 is_stmt 0 view .LVU130
 603 001e 0361     		str	r3, [r0, #16]
 254:Core/Src/main.c ****   hadc1.Init.LowPowerAutoWait = DISABLE;
 604              		.loc 1 254 3 is_stmt 1 view .LVU131
 254:Core/Src/main.c ****   hadc1.Init.LowPowerAutoWait = DISABLE;
ARM GAS  /tmp/cclkat12.s 			page 23


 605              		.loc 1 254 27 is_stmt 0 view .LVU132
 606 0020 0422     		movs	r2, #4
 607 0022 4261     		str	r2, [r0, #20]
 255:Core/Src/main.c ****   hadc1.Init.ContinuousConvMode = DISABLE;
 608              		.loc 1 255 3 is_stmt 1 view .LVU133
 255:Core/Src/main.c ****   hadc1.Init.ContinuousConvMode = DISABLE;
 609              		.loc 1 255 31 is_stmt 0 view .LVU134
 610 0024 0376     		strb	r3, [r0, #24]
 256:Core/Src/main.c ****   hadc1.Init.NbrOfConversion = 1;
 611              		.loc 1 256 3 is_stmt 1 view .LVU135
 256:Core/Src/main.c ****   hadc1.Init.NbrOfConversion = 1;
 612              		.loc 1 256 33 is_stmt 0 view .LVU136
 613 0026 4376     		strb	r3, [r0, #25]
 257:Core/Src/main.c ****   hadc1.Init.DiscontinuousConvMode = DISABLE;
 614              		.loc 1 257 3 is_stmt 1 view .LVU137
 257:Core/Src/main.c ****   hadc1.Init.DiscontinuousConvMode = DISABLE;
 615              		.loc 1 257 30 is_stmt 0 view .LVU138
 616 0028 0122     		movs	r2, #1
 617 002a C261     		str	r2, [r0, #28]
 258:Core/Src/main.c ****   hadc1.Init.ExternalTrigConv = ADC_SOFTWARE_START;
 618              		.loc 1 258 3 is_stmt 1 view .LVU139
 258:Core/Src/main.c ****   hadc1.Init.ExternalTrigConv = ADC_SOFTWARE_START;
 619              		.loc 1 258 36 is_stmt 0 view .LVU140
 620 002c 80F82030 		strb	r3, [r0, #32]
 259:Core/Src/main.c ****   hadc1.Init.ExternalTrigConvEdge = ADC_EXTERNALTRIGCONVEDGE_NONE;
 621              		.loc 1 259 3 is_stmt 1 view .LVU141
 259:Core/Src/main.c ****   hadc1.Init.ExternalTrigConvEdge = ADC_EXTERNALTRIGCONVEDGE_NONE;
 622              		.loc 1 259 31 is_stmt 0 view .LVU142
 623 0030 8362     		str	r3, [r0, #40]
 260:Core/Src/main.c ****   hadc1.Init.DMAContinuousRequests = DISABLE;
 624              		.loc 1 260 3 is_stmt 1 view .LVU143
 260:Core/Src/main.c ****   hadc1.Init.DMAContinuousRequests = DISABLE;
 625              		.loc 1 260 35 is_stmt 0 view .LVU144
 626 0032 C362     		str	r3, [r0, #44]
 261:Core/Src/main.c ****   hadc1.Init.Overrun = ADC_OVR_DATA_PRESERVED;
 627              		.loc 1 261 3 is_stmt 1 view .LVU145
 261:Core/Src/main.c ****   hadc1.Init.Overrun = ADC_OVR_DATA_PRESERVED;
 628              		.loc 1 261 36 is_stmt 0 view .LVU146
 629 0034 80F83030 		strb	r3, [r0, #48]
 262:Core/Src/main.c ****   hadc1.Init.OversamplingMode = DISABLE;
 630              		.loc 1 262 3 is_stmt 1 view .LVU147
 262:Core/Src/main.c ****   hadc1.Init.OversamplingMode = DISABLE;
 631              		.loc 1 262 22 is_stmt 0 view .LVU148
 632 0038 4363     		str	r3, [r0, #52]
 263:Core/Src/main.c ****   if (HAL_ADC_Init(&hadc1) != HAL_OK)
 633              		.loc 1 263 3 is_stmt 1 view .LVU149
 263:Core/Src/main.c ****   if (HAL_ADC_Init(&hadc1) != HAL_OK)
 634              		.loc 1 263 31 is_stmt 0 view .LVU150
 635 003a 80F83830 		strb	r3, [r0, #56]
 264:Core/Src/main.c ****   {
 636              		.loc 1 264 3 is_stmt 1 view .LVU151
 264:Core/Src/main.c ****   {
 637              		.loc 1 264 7 is_stmt 0 view .LVU152
 638 003e FFF7FEFF 		bl	HAL_ADC_Init
 639              	.LVL32:
 264:Core/Src/main.c ****   {
 640              		.loc 1 264 6 view .LVU153
ARM GAS  /tmp/cclkat12.s 			page 24


 641 0042 90B9     		cbnz	r0, .L42
 270:Core/Src/main.c ****   sConfig.Rank = ADC_REGULAR_RANK_1;
 642              		.loc 1 270 3 is_stmt 1 view .LVU154
 270:Core/Src/main.c ****   sConfig.Rank = ADC_REGULAR_RANK_1;
 643              		.loc 1 270 19 is_stmt 0 view .LVU155
 644 0044 0D4B     		ldr	r3, .L44+8
 645 0046 0093     		str	r3, [sp]
 271:Core/Src/main.c ****   sConfig.SamplingTime = ADC_SAMPLETIME_2CYCLES_5;
 646              		.loc 1 271 3 is_stmt 1 view .LVU156
 271:Core/Src/main.c ****   sConfig.SamplingTime = ADC_SAMPLETIME_2CYCLES_5;
 647              		.loc 1 271 16 is_stmt 0 view .LVU157
 648 0048 0623     		movs	r3, #6
 649 004a 0193     		str	r3, [sp, #4]
 272:Core/Src/main.c ****   sConfig.SingleDiff = ADC_SINGLE_ENDED;
 650              		.loc 1 272 3 is_stmt 1 view .LVU158
 272:Core/Src/main.c ****   sConfig.SingleDiff = ADC_SINGLE_ENDED;
 651              		.loc 1 272 24 is_stmt 0 view .LVU159
 652 004c 0023     		movs	r3, #0
 653 004e 0293     		str	r3, [sp, #8]
 273:Core/Src/main.c ****   sConfig.OffsetNumber = ADC_OFFSET_NONE;
 654              		.loc 1 273 3 is_stmt 1 view .LVU160
 273:Core/Src/main.c ****   sConfig.OffsetNumber = ADC_OFFSET_NONE;
 655              		.loc 1 273 22 is_stmt 0 view .LVU161
 656 0050 7F22     		movs	r2, #127
 657 0052 0392     		str	r2, [sp, #12]
 274:Core/Src/main.c ****   sConfig.Offset = 0;
 658              		.loc 1 274 3 is_stmt 1 view .LVU162
 274:Core/Src/main.c ****   sConfig.Offset = 0;
 659              		.loc 1 274 24 is_stmt 0 view .LVU163
 660 0054 0422     		movs	r2, #4
 661 0056 0492     		str	r2, [sp, #16]
 275:Core/Src/main.c ****   if (HAL_ADC_ConfigChannel(&hadc1, &sConfig) != HAL_OK)
 662              		.loc 1 275 3 is_stmt 1 view .LVU164
 275:Core/Src/main.c ****   if (HAL_ADC_ConfigChannel(&hadc1, &sConfig) != HAL_OK)
 663              		.loc 1 275 18 is_stmt 0 view .LVU165
 664 0058 0593     		str	r3, [sp, #20]
 276:Core/Src/main.c ****   {
 665              		.loc 1 276 3 is_stmt 1 view .LVU166
 276:Core/Src/main.c ****   {
 666              		.loc 1 276 7 is_stmt 0 view .LVU167
 667 005a 6946     		mov	r1, sp
 668 005c 0548     		ldr	r0, .L44
 669 005e FFF7FEFF 		bl	HAL_ADC_ConfigChannel
 670              	.LVL33:
 276:Core/Src/main.c ****   {
 671              		.loc 1 276 6 view .LVU168
 672 0062 20B9     		cbnz	r0, .L43
 284:Core/Src/main.c **** 
 673              		.loc 1 284 1 view .LVU169
 674 0064 07B0     		add	sp, sp, #28
 675              	.LCFI11:
 676              		.cfi_remember_state
 677              		.cfi_def_cfa_offset 4
 678              		@ sp needed
 679 0066 5DF804FB 		ldr	pc, [sp], #4
 680              	.L42:
 681              	.LCFI12:
ARM GAS  /tmp/cclkat12.s 			page 25


 682              		.cfi_restore_state
 266:Core/Src/main.c ****   }
 683              		.loc 1 266 5 is_stmt 1 view .LVU170
 684 006a FFF7FEFF 		bl	Error_Handler
 685              	.LVL34:
 686              	.L43:
 278:Core/Src/main.c ****   }
 687              		.loc 1 278 5 view .LVU171
 688 006e FFF7FEFF 		bl	Error_Handler
 689              	.LVL35:
 690              	.L45:
 691 0072 00BF     		.align	2
 692              	.L44:
 693 0074 00000000 		.word	hadc1
 694 0078 00000450 		.word	1342439424
 695 007c 00018021 		.word	562036992
 696              		.cfi_endproc
 697              	.LFE299:
 699              		.section	.text.MX_USART2_UART_Init,"ax",%progbits
 700              		.align	1
 701              		.syntax unified
 702              		.thumb
 703              		.thumb_func
 704              		.fpu fpv4-sp-d16
 706              	MX_USART2_UART_Init:
 707              	.LFB300:
 292:Core/Src/main.c **** 
 708              		.loc 1 292 1 view -0
 709              		.cfi_startproc
 710              		@ args = 0, pretend = 0, frame = 0
 711              		@ frame_needed = 0, uses_anonymous_args = 0
 712 0000 08B5     		push	{r3, lr}
 713              	.LCFI13:
 714              		.cfi_def_cfa_offset 8
 715              		.cfi_offset 3, -8
 716              		.cfi_offset 14, -4
 301:Core/Src/main.c ****   huart2.Init.BaudRate = 115200;
 717              		.loc 1 301 3 view .LVU173
 301:Core/Src/main.c ****   huart2.Init.BaudRate = 115200;
 718              		.loc 1 301 19 is_stmt 0 view .LVU174
 719 0002 0B48     		ldr	r0, .L50
 720 0004 0B4B     		ldr	r3, .L50+4
 721 0006 0360     		str	r3, [r0]
 302:Core/Src/main.c ****   huart2.Init.WordLength = UART_WORDLENGTH_8B;
 722              		.loc 1 302 3 is_stmt 1 view .LVU175
 302:Core/Src/main.c ****   huart2.Init.WordLength = UART_WORDLENGTH_8B;
 723              		.loc 1 302 24 is_stmt 0 view .LVU176
 724 0008 4FF4E133 		mov	r3, #115200
 725 000c 4360     		str	r3, [r0, #4]
 303:Core/Src/main.c ****   huart2.Init.StopBits = UART_STOPBITS_1;
 726              		.loc 1 303 3 is_stmt 1 view .LVU177
 303:Core/Src/main.c ****   huart2.Init.StopBits = UART_STOPBITS_1;
 727              		.loc 1 303 26 is_stmt 0 view .LVU178
 728 000e 0023     		movs	r3, #0
 729 0010 8360     		str	r3, [r0, #8]
 304:Core/Src/main.c ****   huart2.Init.Parity = UART_PARITY_NONE;
 730              		.loc 1 304 3 is_stmt 1 view .LVU179
ARM GAS  /tmp/cclkat12.s 			page 26


 304:Core/Src/main.c ****   huart2.Init.Parity = UART_PARITY_NONE;
 731              		.loc 1 304 24 is_stmt 0 view .LVU180
 732 0012 C360     		str	r3, [r0, #12]
 305:Core/Src/main.c ****   huart2.Init.Mode = UART_MODE_TX_RX;
 733              		.loc 1 305 3 is_stmt 1 view .LVU181
 305:Core/Src/main.c ****   huart2.Init.Mode = UART_MODE_TX_RX;
 734              		.loc 1 305 22 is_stmt 0 view .LVU182
 735 0014 0361     		str	r3, [r0, #16]
 306:Core/Src/main.c ****   huart2.Init.HwFlowCtl = UART_HWCONTROL_NONE;
 736              		.loc 1 306 3 is_stmt 1 view .LVU183
 306:Core/Src/main.c ****   huart2.Init.HwFlowCtl = UART_HWCONTROL_NONE;
 737              		.loc 1 306 20 is_stmt 0 view .LVU184
 738 0016 0C22     		movs	r2, #12
 739 0018 4261     		str	r2, [r0, #20]
 307:Core/Src/main.c ****   huart2.Init.OverSampling = UART_OVERSAMPLING_16;
 740              		.loc 1 307 3 is_stmt 1 view .LVU185
 307:Core/Src/main.c ****   huart2.Init.OverSampling = UART_OVERSAMPLING_16;
 741              		.loc 1 307 25 is_stmt 0 view .LVU186
 742 001a 8361     		str	r3, [r0, #24]
 308:Core/Src/main.c ****   huart2.Init.OneBitSampling = UART_ONE_BIT_SAMPLE_DISABLE;
 743              		.loc 1 308 3 is_stmt 1 view .LVU187
 308:Core/Src/main.c ****   huart2.Init.OneBitSampling = UART_ONE_BIT_SAMPLE_DISABLE;
 744              		.loc 1 308 28 is_stmt 0 view .LVU188
 745 001c C361     		str	r3, [r0, #28]
 309:Core/Src/main.c ****   huart2.AdvancedInit.AdvFeatureInit = UART_ADVFEATURE_NO_INIT;
 746              		.loc 1 309 3 is_stmt 1 view .LVU189
 309:Core/Src/main.c ****   huart2.AdvancedInit.AdvFeatureInit = UART_ADVFEATURE_NO_INIT;
 747              		.loc 1 309 30 is_stmt 0 view .LVU190
 748 001e 0362     		str	r3, [r0, #32]
 310:Core/Src/main.c ****   if (HAL_UART_Init(&huart2) != HAL_OK)
 749              		.loc 1 310 3 is_stmt 1 view .LVU191
 310:Core/Src/main.c ****   if (HAL_UART_Init(&huart2) != HAL_OK)
 750              		.loc 1 310 38 is_stmt 0 view .LVU192
 751 0020 4362     		str	r3, [r0, #36]
 311:Core/Src/main.c ****   {
 752              		.loc 1 311 3 is_stmt 1 view .LVU193
 311:Core/Src/main.c ****   {
 753              		.loc 1 311 7 is_stmt 0 view .LVU194
 754 0022 FFF7FEFF 		bl	HAL_UART_Init
 755              	.LVL36:
 311:Core/Src/main.c ****   {
 756              		.loc 1 311 6 view .LVU195
 757 0026 00B9     		cbnz	r0, .L49
 319:Core/Src/main.c **** 
 758              		.loc 1 319 1 view .LVU196
 759 0028 08BD     		pop	{r3, pc}
 760              	.L49:
 313:Core/Src/main.c ****   }
 761              		.loc 1 313 5 is_stmt 1 view .LVU197
 762 002a FFF7FEFF 		bl	Error_Handler
 763              	.LVL37:
 764              	.L51:
 765 002e 00BF     		.align	2
 766              	.L50:
 767 0030 00000000 		.word	huart2
 768 0034 00440040 		.word	1073759232
 769              		.cfi_endproc
ARM GAS  /tmp/cclkat12.s 			page 27


 770              	.LFE300:
 772              		.section	.text.SystemClock_Config,"ax",%progbits
 773              		.align	1
 774              		.global	SystemClock_Config
 775              		.syntax unified
 776              		.thumb
 777              		.thumb_func
 778              		.fpu fpv4-sp-d16
 780              	SystemClock_Config:
 781              	.LFB298:
 179:Core/Src/main.c ****   RCC_OscInitTypeDef RCC_OscInitStruct = {0};
 782              		.loc 1 179 1 view -0
 783              		.cfi_startproc
 784              		@ args = 0, pretend = 0, frame = 88
 785              		@ frame_needed = 0, uses_anonymous_args = 0
 786 0000 00B5     		push	{lr}
 787              	.LCFI14:
 788              		.cfi_def_cfa_offset 4
 789              		.cfi_offset 14, -4
 790 0002 97B0     		sub	sp, sp, #92
 791              	.LCFI15:
 792              		.cfi_def_cfa_offset 96
 180:Core/Src/main.c ****   RCC_ClkInitTypeDef RCC_ClkInitStruct = {0};
 793              		.loc 1 180 3 view .LVU199
 180:Core/Src/main.c ****   RCC_ClkInitTypeDef RCC_ClkInitStruct = {0};
 794              		.loc 1 180 22 is_stmt 0 view .LVU200
 795 0004 4422     		movs	r2, #68
 796 0006 0021     		movs	r1, #0
 797 0008 05A8     		add	r0, sp, #20
 798 000a FFF7FEFF 		bl	memset
 799              	.LVL38:
 181:Core/Src/main.c **** 
 800              		.loc 1 181 3 is_stmt 1 view .LVU201
 181:Core/Src/main.c **** 
 801              		.loc 1 181 22 is_stmt 0 view .LVU202
 802 000e 0023     		movs	r3, #0
 803 0010 0093     		str	r3, [sp]
 804 0012 0193     		str	r3, [sp, #4]
 805 0014 0293     		str	r3, [sp, #8]
 806 0016 0393     		str	r3, [sp, #12]
 807 0018 0493     		str	r3, [sp, #16]
 185:Core/Src/main.c ****   {
 808              		.loc 1 185 3 is_stmt 1 view .LVU203
 185:Core/Src/main.c ****   {
 809              		.loc 1 185 7 is_stmt 0 view .LVU204
 810 001a 4FF40070 		mov	r0, #512
 811 001e FFF7FEFF 		bl	HAL_PWREx_ControlVoltageScaling
 812              	.LVL39:
 185:Core/Src/main.c ****   {
 813              		.loc 1 185 6 view .LVU205
 814 0022 0028     		cmp	r0, #0
 815 0024 31D1     		bne	.L57
 191:Core/Src/main.c ****   __HAL_RCC_LSEDRIVE_CONFIG(RCC_LSEDRIVE_LOW);
 816              		.loc 1 191 3 is_stmt 1 view .LVU206
 817 0026 FFF7FEFF 		bl	HAL_PWR_EnableBkUpAccess
 818              	.LVL40:
 192:Core/Src/main.c ****   /** Initializes the RCC Oscillators according to the specified parameters
ARM GAS  /tmp/cclkat12.s 			page 28


 819              		.loc 1 192 3 view .LVU207
 820 002a 1B4A     		ldr	r2, .L60
 821 002c D2F89030 		ldr	r3, [r2, #144]
 822 0030 23F01803 		bic	r3, r3, #24
 823 0034 C2F89030 		str	r3, [r2, #144]
 196:Core/Src/main.c ****   RCC_OscInitStruct.LSEState = RCC_LSE_ON;
 824              		.loc 1 196 3 view .LVU208
 196:Core/Src/main.c ****   RCC_OscInitStruct.LSEState = RCC_LSE_ON;
 825              		.loc 1 196 36 is_stmt 0 view .LVU209
 826 0038 1423     		movs	r3, #20
 827 003a 0593     		str	r3, [sp, #20]
 197:Core/Src/main.c ****   RCC_OscInitStruct.MSIState = RCC_MSI_ON;
 828              		.loc 1 197 3 is_stmt 1 view .LVU210
 197:Core/Src/main.c ****   RCC_OscInitStruct.MSIState = RCC_MSI_ON;
 829              		.loc 1 197 30 is_stmt 0 view .LVU211
 830 003c 0123     		movs	r3, #1
 831 003e 0793     		str	r3, [sp, #28]
 198:Core/Src/main.c ****   RCC_OscInitStruct.MSICalibrationValue = 0;
 832              		.loc 1 198 3 is_stmt 1 view .LVU212
 198:Core/Src/main.c ****   RCC_OscInitStruct.MSICalibrationValue = 0;
 833              		.loc 1 198 30 is_stmt 0 view .LVU213
 834 0040 0B93     		str	r3, [sp, #44]
 199:Core/Src/main.c ****   RCC_OscInitStruct.MSIClockRange = RCC_MSIRANGE_6;
 835              		.loc 1 199 3 is_stmt 1 view .LVU214
 199:Core/Src/main.c ****   RCC_OscInitStruct.MSIClockRange = RCC_MSIRANGE_6;
 836              		.loc 1 199 41 is_stmt 0 view .LVU215
 837 0042 0022     		movs	r2, #0
 838 0044 0C92     		str	r2, [sp, #48]
 200:Core/Src/main.c ****   RCC_OscInitStruct.PLL.PLLState = RCC_PLL_ON;
 839              		.loc 1 200 3 is_stmt 1 view .LVU216
 200:Core/Src/main.c ****   RCC_OscInitStruct.PLL.PLLState = RCC_PLL_ON;
 840              		.loc 1 200 35 is_stmt 0 view .LVU217
 841 0046 6022     		movs	r2, #96
 842 0048 0D92     		str	r2, [sp, #52]
 201:Core/Src/main.c ****   RCC_OscInitStruct.PLL.PLLSource = RCC_PLLSOURCE_MSI;
 843              		.loc 1 201 3 is_stmt 1 view .LVU218
 201:Core/Src/main.c ****   RCC_OscInitStruct.PLL.PLLSource = RCC_PLLSOURCE_MSI;
 844              		.loc 1 201 34 is_stmt 0 view .LVU219
 845 004a 0222     		movs	r2, #2
 846 004c 0F92     		str	r2, [sp, #60]
 202:Core/Src/main.c ****   RCC_OscInitStruct.PLL.PLLM = 1;
 847              		.loc 1 202 3 is_stmt 1 view .LVU220
 202:Core/Src/main.c ****   RCC_OscInitStruct.PLL.PLLM = 1;
 848              		.loc 1 202 35 is_stmt 0 view .LVU221
 849 004e 1093     		str	r3, [sp, #64]
 203:Core/Src/main.c ****   RCC_OscInitStruct.PLL.PLLN = 16;
 850              		.loc 1 203 3 is_stmt 1 view .LVU222
 203:Core/Src/main.c ****   RCC_OscInitStruct.PLL.PLLN = 16;
 851              		.loc 1 203 30 is_stmt 0 view .LVU223
 852 0050 1193     		str	r3, [sp, #68]
 204:Core/Src/main.c ****   RCC_OscInitStruct.PLL.PLLP = RCC_PLLP_DIV7;
 853              		.loc 1 204 3 is_stmt 1 view .LVU224
 204:Core/Src/main.c ****   RCC_OscInitStruct.PLL.PLLP = RCC_PLLP_DIV7;
 854              		.loc 1 204 30 is_stmt 0 view .LVU225
 855 0052 1023     		movs	r3, #16
 856 0054 1293     		str	r3, [sp, #72]
 205:Core/Src/main.c ****   RCC_OscInitStruct.PLL.PLLQ = RCC_PLLQ_DIV2;
ARM GAS  /tmp/cclkat12.s 			page 29


 857              		.loc 1 205 3 is_stmt 1 view .LVU226
 205:Core/Src/main.c ****   RCC_OscInitStruct.PLL.PLLQ = RCC_PLLQ_DIV2;
 858              		.loc 1 205 30 is_stmt 0 view .LVU227
 859 0056 0723     		movs	r3, #7
 860 0058 1393     		str	r3, [sp, #76]
 206:Core/Src/main.c ****   RCC_OscInitStruct.PLL.PLLR = RCC_PLLR_DIV2;
 861              		.loc 1 206 3 is_stmt 1 view .LVU228
 206:Core/Src/main.c ****   RCC_OscInitStruct.PLL.PLLR = RCC_PLLR_DIV2;
 862              		.loc 1 206 30 is_stmt 0 view .LVU229
 863 005a 1492     		str	r2, [sp, #80]
 207:Core/Src/main.c ****   if (HAL_RCC_OscConfig(&RCC_OscInitStruct) != HAL_OK)
 864              		.loc 1 207 3 is_stmt 1 view .LVU230
 207:Core/Src/main.c ****   if (HAL_RCC_OscConfig(&RCC_OscInitStruct) != HAL_OK)
 865              		.loc 1 207 30 is_stmt 0 view .LVU231
 866 005c 1592     		str	r2, [sp, #84]
 208:Core/Src/main.c ****   {
 867              		.loc 1 208 3 is_stmt 1 view .LVU232
 208:Core/Src/main.c ****   {
 868              		.loc 1 208 7 is_stmt 0 view .LVU233
 869 005e 05A8     		add	r0, sp, #20
 870 0060 FFF7FEFF 		bl	HAL_RCC_OscConfig
 871              	.LVL41:
 208:Core/Src/main.c ****   {
 872              		.loc 1 208 6 view .LVU234
 873 0064 98B9     		cbnz	r0, .L58
 214:Core/Src/main.c ****                               |RCC_CLOCKTYPE_PCLK1|RCC_CLOCKTYPE_PCLK2;
 874              		.loc 1 214 3 is_stmt 1 view .LVU235
 214:Core/Src/main.c ****                               |RCC_CLOCKTYPE_PCLK1|RCC_CLOCKTYPE_PCLK2;
 875              		.loc 1 214 31 is_stmt 0 view .LVU236
 876 0066 0F23     		movs	r3, #15
 877 0068 0093     		str	r3, [sp]
 216:Core/Src/main.c ****   RCC_ClkInitStruct.AHBCLKDivider = RCC_SYSCLK_DIV1;
 878              		.loc 1 216 3 is_stmt 1 view .LVU237
 216:Core/Src/main.c ****   RCC_ClkInitStruct.AHBCLKDivider = RCC_SYSCLK_DIV1;
 879              		.loc 1 216 34 is_stmt 0 view .LVU238
 880 006a 0323     		movs	r3, #3
 881 006c 0193     		str	r3, [sp, #4]
 217:Core/Src/main.c ****   RCC_ClkInitStruct.APB1CLKDivider = RCC_HCLK_DIV1;
 882              		.loc 1 217 3 is_stmt 1 view .LVU239
 217:Core/Src/main.c ****   RCC_ClkInitStruct.APB1CLKDivider = RCC_HCLK_DIV1;
 883              		.loc 1 217 35 is_stmt 0 view .LVU240
 884 006e 0023     		movs	r3, #0
 885 0070 0293     		str	r3, [sp, #8]
 218:Core/Src/main.c ****   RCC_ClkInitStruct.APB2CLKDivider = RCC_HCLK_DIV1;
 886              		.loc 1 218 3 is_stmt 1 view .LVU241
 218:Core/Src/main.c ****   RCC_ClkInitStruct.APB2CLKDivider = RCC_HCLK_DIV1;
 887              		.loc 1 218 36 is_stmt 0 view .LVU242
 888 0072 0393     		str	r3, [sp, #12]
 219:Core/Src/main.c **** 
 889              		.loc 1 219 3 is_stmt 1 view .LVU243
 219:Core/Src/main.c **** 
 890              		.loc 1 219 36 is_stmt 0 view .LVU244
 891 0074 0493     		str	r3, [sp, #16]
 221:Core/Src/main.c ****   {
 892              		.loc 1 221 3 is_stmt 1 view .LVU245
 221:Core/Src/main.c ****   {
 893              		.loc 1 221 7 is_stmt 0 view .LVU246
ARM GAS  /tmp/cclkat12.s 			page 30


 894 0076 0121     		movs	r1, #1
 895 0078 6846     		mov	r0, sp
 896 007a FFF7FEFF 		bl	HAL_RCC_ClockConfig
 897              	.LVL42:
 221:Core/Src/main.c ****   {
 898              		.loc 1 221 6 view .LVU247
 899 007e 40B9     		cbnz	r0, .L59
 227:Core/Src/main.c **** }
 900              		.loc 1 227 3 is_stmt 1 view .LVU248
 901 0080 FFF7FEFF 		bl	HAL_RCCEx_EnableMSIPLLMode
 902              	.LVL43:
 228:Core/Src/main.c **** 
 903              		.loc 1 228 1 is_stmt 0 view .LVU249
 904 0084 17B0     		add	sp, sp, #92
 905              	.LCFI16:
 906              		.cfi_remember_state
 907              		.cfi_def_cfa_offset 4
 908              		@ sp needed
 909 0086 5DF804FB 		ldr	pc, [sp], #4
 910              	.L57:
 911              	.LCFI17:
 912              		.cfi_restore_state
 187:Core/Src/main.c ****   }
 913              		.loc 1 187 5 is_stmt 1 view .LVU250
 914 008a FFF7FEFF 		bl	Error_Handler
 915              	.LVL44:
 916              	.L58:
 210:Core/Src/main.c ****   }
 917              		.loc 1 210 5 view .LVU251
 918 008e FFF7FEFF 		bl	Error_Handler
 919              	.LVL45:
 920              	.L59:
 223:Core/Src/main.c ****   }
 921              		.loc 1 223 5 view .LVU252
 922 0092 FFF7FEFF 		bl	Error_Handler
 923              	.LVL46:
 924              	.L61:
 925 0096 00BF     		.align	2
 926              	.L60:
 927 0098 00100240 		.word	1073876992
 928              		.cfi_endproc
 929              	.LFE298:
 931              		.section	.text.main,"ax",%progbits
 932              		.align	1
 933              		.global	main
 934              		.syntax unified
 935              		.thumb
 936              		.thumb_func
 937              		.fpu fpv4-sp-d16
 939              	main:
 940              	.LFB297:
 131:Core/Src/main.c ****   /* USER CODE BEGIN 1 */
 941              		.loc 1 131 1 view -0
 942              		.cfi_startproc
 943              		@ Volatile: function does not return.
 944              		@ args = 0, pretend = 0, frame = 0
 945              		@ frame_needed = 0, uses_anonymous_args = 0
ARM GAS  /tmp/cclkat12.s 			page 31


 946 0000 08B5     		push	{r3, lr}
 947              	.LCFI18:
 948              		.cfi_def_cfa_offset 8
 949              		.cfi_offset 3, -8
 950              		.cfi_offset 14, -4
 139:Core/Src/main.c **** 
 951              		.loc 1 139 3 view .LVU254
 952 0002 FFF7FEFF 		bl	HAL_Init
 953              	.LVL47:
 146:Core/Src/main.c **** 
 954              		.loc 1 146 3 view .LVU255
 955 0006 FFF7FEFF 		bl	SystemClock_Config
 956              	.LVL48:
 153:Core/Src/main.c ****   MX_ADC1_Init();
 957              		.loc 1 153 3 view .LVU256
 958 000a FFF7FEFF 		bl	MX_GPIO_Init
 959              	.LVL49:
 154:Core/Src/main.c ****   MX_USART2_UART_Init();
 960              		.loc 1 154 3 view .LVU257
 961 000e FFF7FEFF 		bl	MX_ADC1_Init
 962              	.LVL50:
 155:Core/Src/main.c ****   /* USER CODE BEGIN 2 */
 963              		.loc 1 155 3 view .LVU258
 964 0012 FFF7FEFF 		bl	MX_USART2_UART_Init
 965              	.LVL51:
 966              	.L63:
 162:Core/Src/main.c **** 
 967              		.loc 1 162 5 discriminator 1 view .LVU259
 164:Core/Src/main.c ****   {
 968              		.loc 1 164 3 discriminator 1 view .LVU260
 167:Core/Src/main.c ****       //print_value(average_humidity());
 969              		.loc 1 167 7 discriminator 1 view .LVU261
 970 0016 FFF7FEFF 		bl	watering_system
 971              	.LVL52:
 164:Core/Src/main.c ****   {
 972              		.loc 1 164 9 discriminator 1 view .LVU262
 973 001a FCE7     		b	.L63
 974              		.cfi_endproc
 975              	.LFE297:
 977              		.comm	buffer,50,4
 978              		.comm	humidity,4,4
 979              		.global	trocken
 980              		.comm	huart2,132,4
 981              		.comm	hadc1,100,4
 982              		.section	.data.trocken,"aw"
 983              		.align	2
 984              		.set	.LANCHOR0,. + 0
 987              	trocken:
 988 0000 9A010000 		.word	410
 989              		.text
 990              	.Letext0:
 991              		.file 3 "/usr/lib/gcc/arm-none-eabi/9.2.1/include/stdint.h"
 992              		.file 4 "Drivers/CMSIS/Include/core_cm4.h"
 993              		.file 5 "Drivers/CMSIS/Device/ST/STM32L4xx/Include/system_stm32l4xx.h"
 994              		.file 6 "Drivers/CMSIS/Device/ST/STM32L4xx/Include/stm32l432xx.h"
 995              		.file 7 "Drivers/CMSIS/Device/ST/STM32L4xx/Include/stm32l4xx.h"
 996              		.file 8 "Drivers/STM32L4xx_HAL_Driver/Inc/stm32l4xx_hal_def.h"
ARM GAS  /tmp/cclkat12.s 			page 32


 997              		.file 9 "Drivers/STM32L4xx_HAL_Driver/Inc/stm32l4xx_hal_rcc.h"
 998              		.file 10 "Drivers/STM32L4xx_HAL_Driver/Inc/stm32l4xx_hal_gpio.h"
 999              		.file 11 "Drivers/STM32L4xx_HAL_Driver/Inc/stm32l4xx_hal_dma.h"
 1000              		.file 12 "Drivers/STM32L4xx_HAL_Driver/Inc/stm32l4xx_hal_adc.h"
 1001              		.file 13 "Drivers/STM32L4xx_HAL_Driver/Inc/stm32l4xx_hal_flash.h"
 1002              		.file 14 "Drivers/STM32L4xx_HAL_Driver/Inc/stm32l4xx_hal_uart.h"
 1003              		.file 15 "Drivers/STM32L4xx_HAL_Driver/Inc/stm32l4xx_hal.h"
 1004              		.file 16 "/usr/lib/gcc/arm-none-eabi/9.2.1/include/stddef.h"
 1005              		.file 17 "/usr/include/newlib/sys/_types.h"
 1006              		.file 18 "/usr/include/newlib/sys/reent.h"
 1007              		.file 19 "/usr/include/newlib/sys/lock.h"
 1008              		.file 20 "/usr/include/newlib/stdlib.h"
 1009              		.file 21 "Drivers/STM32L4xx_HAL_Driver/Inc/stm32l4xx_hal_pwr_ex.h"
 1010              		.file 22 "Drivers/STM32L4xx_HAL_Driver/Inc/stm32l4xx_hal_pwr.h"
 1011              		.file 23 "Drivers/STM32L4xx_HAL_Driver/Inc/stm32l4xx_hal_rcc_ex.h"
 1012              		.file 24 "/usr/include/newlib/stdio.h"
 1013              		.file 25 "/usr/include/newlib/string.h"
 1014              		.file 26 "<built-in>"
ARM GAS  /tmp/cclkat12.s 			page 33


DEFINED SYMBOLS
                            *ABS*:0000000000000000 main.c
     /tmp/cclkat12.s:18     .text.MX_GPIO_Init:0000000000000000 $t
     /tmp/cclkat12.s:25     .text.MX_GPIO_Init:0000000000000000 MX_GPIO_Init
     /tmp/cclkat12.s:155    .text.MX_GPIO_Init:000000000000008c $d
     /tmp/cclkat12.s:161    .rodata.print_value.str1.4:0000000000000000 $d
     /tmp/cclkat12.s:165    .text.print_value:0000000000000000 $t
     /tmp/cclkat12.s:172    .text.print_value:0000000000000000 print_value
     /tmp/cclkat12.s:212    .text.print_value:0000000000000024 $d
                            *COM*:0000000000000032 buffer
                            *COM*:0000000000000084 huart2
     /tmp/cclkat12.s:219    .text.average_humidity:0000000000000000 $t
     /tmp/cclkat12.s:226    .text.average_humidity:0000000000000000 average_humidity
     /tmp/cclkat12.s:315    .text.average_humidity:0000000000000048 $d
                            *COM*:0000000000000064 hadc1
                            *COM*:0000000000000004 humidity
     /tmp/cclkat12.s:321    .text.too_dry_average:0000000000000000 $t
     /tmp/cclkat12.s:328    .text.too_dry_average:0000000000000000 too_dry_average
     /tmp/cclkat12.s:361    .text.too_dry_average:0000000000000018 $d
     /tmp/cclkat12.s:366    .text.too_dry_once:0000000000000000 $t
     /tmp/cclkat12.s:373    .text.too_dry_once:0000000000000000 too_dry_once
     /tmp/cclkat12.s:426    .text.too_dry_once:0000000000000034 $d
     /tmp/cclkat12.s:433    .text.water_plant:0000000000000000 $t
     /tmp/cclkat12.s:440    .text.water_plant:0000000000000000 water_plant
     /tmp/cclkat12.s:477    .text.watering_system:0000000000000000 $t
     /tmp/cclkat12.s:484    .text.watering_system:0000000000000000 watering_system
     /tmp/cclkat12.s:520    .text.Error_Handler:0000000000000000 $t
     /tmp/cclkat12.s:527    .text.Error_Handler:0000000000000000 Error_Handler
     /tmp/cclkat12.s:559    .text.MX_ADC1_Init:0000000000000000 $t
     /tmp/cclkat12.s:565    .text.MX_ADC1_Init:0000000000000000 MX_ADC1_Init
     /tmp/cclkat12.s:693    .text.MX_ADC1_Init:0000000000000074 $d
     /tmp/cclkat12.s:700    .text.MX_USART2_UART_Init:0000000000000000 $t
     /tmp/cclkat12.s:706    .text.MX_USART2_UART_Init:0000000000000000 MX_USART2_UART_Init
     /tmp/cclkat12.s:767    .text.MX_USART2_UART_Init:0000000000000030 $d
     /tmp/cclkat12.s:773    .text.SystemClock_Config:0000000000000000 $t
     /tmp/cclkat12.s:780    .text.SystemClock_Config:0000000000000000 SystemClock_Config
     /tmp/cclkat12.s:927    .text.SystemClock_Config:0000000000000098 $d
     /tmp/cclkat12.s:932    .text.main:0000000000000000 $t
     /tmp/cclkat12.s:939    .text.main:0000000000000000 main
     /tmp/cclkat12.s:987    .data.trocken:0000000000000000 trocken
     /tmp/cclkat12.s:983    .data.trocken:0000000000000000 $d

UNDEFINED SYMBOLS
HAL_GPIO_WritePin
HAL_GPIO_Init
snprintf
strlen
HAL_UART_Transmit
HAL_ADC_Start
HAL_ADC_PollForConversion
HAL_ADC_GetValue
HAL_Delay
HAL_ADC_Init
HAL_ADC_ConfigChannel
HAL_UART_Init
memset
HAL_PWREx_ControlVoltageScaling
ARM GAS  /tmp/cclkat12.s 			page 34


HAL_PWR_EnableBkUpAccess
HAL_RCC_OscConfig
HAL_RCC_ClockConfig
HAL_RCCEx_EnableMSIPLLMode
HAL_Init
